Building DAG of jobs...
Using shell: /usr/bin/bash
Provided cores: 2
Rules claiming more threads will be scaled down.
Job stats:
job         count    min threads    max threads
--------  -------  -------------  -------------
all             1              1              1
fin             1              1              1
normVcfs        8              1              1
paf2vcf         4              1              1
total          14              1              1

Select jobs to execute...

[Fri Jan  7 15:13:20 2022]
rule paf2vcf:
    input: pafcalls/GCA_006094915.1_ASM609491v1_genomic.fna.var.txt
    output: vcfs/GCA_006094915.1_ASM609491v1_genomic.fna.vcf
    jobid: 28
    reason: Missing output files: vcfs/GCA_006094915.1_ASM609491v1_genomic.fna.vcf
    wildcards: sample=GCA_006094915.1_ASM609491v1_genomic.fna
    resources: tmpdir=/tmp


[Fri Jan  7 15:13:20 2022]
rule normVcfs:
    input: vcfs/GCA_001641025.1_ASM164102v1_genomic.fna.vcf
    output: normVcfs/GCA_001641025.1_ASM164102v1_genomic.fna.norm.vcf.gz
    jobid: 7
    reason: Missing output files: normVcfs/GCA_001641025.1_ASM164102v1_genomic.fna.norm.vcf.gz
    wildcards: sample=GCA_001641025.1_ASM164102v1_genomic.fna
    resources: tmpdir=/tmp

[Fri Jan  7 15:13:21 2022]
Finished job 28.
1 of 14 steps (7%) done
Select jobs to execute...

[Fri Jan  7 15:13:21 2022]
rule normVcfs:
    input: vcfs/GCA_006094915.1_ASM609491v1_genomic.fna.vcf
    output: normVcfs/GCA_006094915.1_ASM609491v1_genomic.fna.norm.vcf.gz
    jobid: 27
    reason: Missing output files: normVcfs/GCA_006094915.1_ASM609491v1_genomic.fna.norm.vcf.gz; Input files updated by another job: vcfs/GCA_006094915.1_ASM609491v1_genomic.fna.vcf
    wildcards: sample=GCA_006094915.1_ASM609491v1_genomic.fna
    resources: tmpdir=/tmp

Shutting down, this might take some time.
Exiting because a job execution failed. Look above for error message
Complete log: /mnt/c/Users/light/Desktop/american-education-system/lab-notes/paf-VCF/.snakemake/log/2022-01-07T151319.469478.snakemake.log
