Building DAG of jobs...
Using shell: /usr/bin/bash
Provided cores: 3
Rules claiming more threads will be scaled down.
Job stats:
job             count    min threads    max threads
------------  -------  -------------  -------------
all                 1              1              1
callPaf             8              1              1
end                 1              1              1
fastas2Pafs         8              1              1
mergeVcfs           1              1              1
normVcfs            8              1              1
paf2vcf             8              1              1
prepNormVcfs        8              1              1
sortPaf             8              1              1
total              51              1              1

Select jobs to execute...

[Fri Jan  7 15:48:18 2022]
rule fastas2Pafs:
    input: ref/staph-aureus-ref-GCF_000013425.1_ASM1342v1_genomic.fna, samples/GCA_001641025.1_ASM164102v1_genomic.fna
    output: intermediate/pafsamples/GCA_001641025.1_ASM164102v1_genomic.fna.paf
    jobid: 14
    reason: Missing output files: intermediate/pafsamples/GCA_001641025.1_ASM164102v1_genomic.fna.paf
    wildcards: sample=GCA_001641025.1_ASM164102v1_genomic.fna
    resources: tmpdir=/tmp


[Fri Jan  7 15:48:18 2022]
rule fastas2Pafs:
    input: ref/staph-aureus-ref-GCF_000013425.1_ASM1342v1_genomic.fna, samples/GCA_003945425.1_ASM394542v1_genomic.fna
    output: intermediate/pafsamples/GCA_003945425.1_ASM394542v1_genomic.fna.paf
    jobid: 26
    reason: Missing output files: intermediate/pafsamples/GCA_003945425.1_ASM394542v1_genomic.fna.paf
    wildcards: sample=GCA_003945425.1_ASM394542v1_genomic.fna
    resources: tmpdir=/tmp


[Fri Jan  7 15:48:18 2022]
rule fastas2Pafs:
    input: ref/staph-aureus-ref-GCF_000013425.1_ASM1342v1_genomic.fna, samples/GCA_002895385.1_ASM289538v1_genomic.fna
    output: intermediate/pafsamples/GCA_002895385.1_ASM289538v1_genomic.fna.paf
    jobid: 20
    reason: Missing output files: intermediate/pafsamples/GCA_002895385.1_ASM289538v1_genomic.fna.paf
    wildcards: sample=GCA_002895385.1_ASM289538v1_genomic.fna
    resources: tmpdir=/tmp

[Fri Jan  7 15:48:21 2022]
Finished job 14.
1 of 51 steps (2%) done
Select jobs to execute...

[Fri Jan  7 15:48:21 2022]
rule sortPaf:
    input: intermediate/pafsamples/GCA_001641025.1_ASM164102v1_genomic.fna.paf
    output: intermediate/pafsamples/GCA_001641025.1_ASM164102v1_genomic.fna.srt.paf
    jobid: 13
    reason: Missing output files: intermediate/pafsamples/GCA_001641025.1_ASM164102v1_genomic.fna.srt.paf; Input files updated by another job: intermediate/pafsamples/GCA_001641025.1_ASM164102v1_genomic.fna.paf
    wildcards: sample=GCA_001641025.1_ASM164102v1_genomic.fna
    resources: tmpdir=/tmp

[Fri Jan  7 15:48:21 2022]
Finished job 20.
2 of 51 steps (4%) done
Select jobs to execute...

[Fri Jan  7 15:48:21 2022]
rule fastas2Pafs:
    input: ref/staph-aureus-ref-GCF_000013425.1_ASM1342v1_genomic.fna, samples/GCA_001027105.1_ASM102710v1_genomic.fna
    output: intermediate/pafsamples/GCA_001027105.1_ASM102710v1_genomic.fna.paf
    jobid: 8
    reason: Missing output files: intermediate/pafsamples/GCA_001027105.1_ASM102710v1_genomic.fna.paf
    wildcards: sample=GCA_001027105.1_ASM102710v1_genomic.fna
    resources: tmpdir=/tmp

[Fri Jan  7 15:48:21 2022]
Finished job 13.
3 of 51 steps (6%) done
Select jobs to execute...

[Fri Jan  7 15:48:21 2022]
rule fastas2Pafs:
    input: ref/staph-aureus-ref-GCF_000013425.1_ASM1342v1_genomic.fna, samples/GCA_900607265.1_BPH2003_genomic.fna
    output: intermediate/pafsamples/GCA_900607265.1_BPH2003_genomic.fna.paf
    jobid: 50
    reason: Missing output files: intermediate/pafsamples/GCA_900607265.1_BPH2003_genomic.fna.paf
    wildcards: sample=GCA_900607265.1_BPH2003_genomic.fna
    resources: tmpdir=/tmp

[Fri Jan  7 15:48:23 2022]
Finished job 26.
4 of 51 steps (8%) done
Select jobs to execute...

[Fri Jan  7 15:48:23 2022]
rule sortPaf:
    input: intermediate/pafsamples/GCA_003945425.1_ASM394542v1_genomic.fna.paf
    output: intermediate/pafsamples/GCA_003945425.1_ASM394542v1_genomic.fna.srt.paf
    jobid: 25
    reason: Missing output files: intermediate/pafsamples/GCA_003945425.1_ASM394542v1_genomic.fna.srt.paf; Input files updated by another job: intermediate/pafsamples/GCA_003945425.1_ASM394542v1_genomic.fna.paf
    wildcards: sample=GCA_003945425.1_ASM394542v1_genomic.fna
    resources: tmpdir=/tmp

[Fri Jan  7 15:48:23 2022]
Finished job 25.
5 of 51 steps (10%) done
Select jobs to execute...

[Fri Jan  7 15:48:23 2022]
rule callPaf:
    input: intermediate/pafsamples/GCA_003945425.1_ASM394542v1_genomic.fna.srt.paf
    output: intermediate/pafcalls/GCA_003945425.1_ASM394542v1_genomic.fna.var.txt
    jobid: 24
    reason: Missing output files: intermediate/pafcalls/GCA_003945425.1_ASM394542v1_genomic.fna.var.txt; Input files updated by another job: intermediate/pafsamples/GCA_003945425.1_ASM394542v1_genomic.fna.srt.paf
    wildcards: sample=GCA_003945425.1_ASM394542v1_genomic.fna
    resources: tmpdir=/tmp

[Fri Jan  7 15:48:24 2022]
Finished job 24.
6 of 51 steps (12%) done
Select jobs to execute...

[Fri Jan  7 15:48:24 2022]
rule paf2vcf:
    input: intermediate/pafcalls/GCA_003945425.1_ASM394542v1_genomic.fna.var.txt
    output: intermediate/vcfs/GCA_003945425.1_ASM394542v1_genomic.fna.vcf
    jobid: 23
    reason: Missing output files: intermediate/vcfs/GCA_003945425.1_ASM394542v1_genomic.fna.vcf; Input files updated by another job: intermediate/pafcalls/GCA_003945425.1_ASM394542v1_genomic.fna.var.txt
    wildcards: sample=GCA_003945425.1_ASM394542v1_genomic.fna
    resources: tmpdir=/tmp

[Fri Jan  7 15:48:25 2022]
Finished job 50.
7 of 51 steps (14%) done
Select jobs to execute...

[Fri Jan  7 15:48:25 2022]
rule sortPaf:
    input: intermediate/pafsamples/GCA_900607265.1_BPH2003_genomic.fna.paf
    output: intermediate/pafsamples/GCA_900607265.1_BPH2003_genomic.fna.srt.paf
    jobid: 49
    reason: Missing output files: intermediate/pafsamples/GCA_900607265.1_BPH2003_genomic.fna.srt.paf; Input files updated by another job: intermediate/pafsamples/GCA_900607265.1_BPH2003_genomic.fna.paf
    wildcards: sample=GCA_900607265.1_BPH2003_genomic.fna
    resources: tmpdir=/tmp

[Fri Jan  7 15:48:25 2022]
Finished job 8.
8 of 51 steps (16%) done
Select jobs to execute...

[Fri Jan  7 15:48:25 2022]
rule sortPaf:
    input: intermediate/pafsamples/GCA_001027105.1_ASM102710v1_genomic.fna.paf
    output: intermediate/pafsamples/GCA_001027105.1_ASM102710v1_genomic.fna.srt.paf
    jobid: 7
    reason: Missing output files: intermediate/pafsamples/GCA_001027105.1_ASM102710v1_genomic.fna.srt.paf; Input files updated by another job: intermediate/pafsamples/GCA_001027105.1_ASM102710v1_genomic.fna.paf
    wildcards: sample=GCA_001027105.1_ASM102710v1_genomic.fna
    resources: tmpdir=/tmp

[Fri Jan  7 15:48:26 2022]
Finished job 49.
9 of 51 steps (18%) done
Select jobs to execute...

[Fri Jan  7 15:48:26 2022]
rule callPaf:
    input: intermediate/pafsamples/GCA_900607265.1_BPH2003_genomic.fna.srt.paf
    output: intermediate/pafcalls/GCA_900607265.1_BPH2003_genomic.fna.var.txt
    jobid: 48
    reason: Missing output files: intermediate/pafcalls/GCA_900607265.1_BPH2003_genomic.fna.var.txt; Input files updated by another job: intermediate/pafsamples/GCA_900607265.1_BPH2003_genomic.fna.srt.paf
    wildcards: sample=GCA_900607265.1_BPH2003_genomic.fna
    resources: tmpdir=/tmp

[Fri Jan  7 15:48:26 2022]
Finished job 7.
10 of 51 steps (20%) done
[Fri Jan  7 15:48:26 2022]
Finished job 23.
11 of 51 steps (22%) done
Select jobs to execute...

[Fri Jan  7 15:48:26 2022]
rule fastas2Pafs:
    input: ref/staph-aureus-ref-GCF_000013425.1_ASM1342v1_genomic.fna, samples/GCA_006094915.1_ASM609491v1_genomic.fna
    output: intermediate/pafsamples/GCA_006094915.1_ASM609491v1_genomic.fna.paf
    jobid: 38
    reason: Missing output files: intermediate/pafsamples/GCA_006094915.1_ASM609491v1_genomic.fna.paf
    wildcards: sample=GCA_006094915.1_ASM609491v1_genomic.fna
    resources: tmpdir=/tmp


[Fri Jan  7 15:48:26 2022]
rule callPaf:
    input: intermediate/pafsamples/GCA_001641025.1_ASM164102v1_genomic.fna.srt.paf
    output: intermediate/pafcalls/GCA_001641025.1_ASM164102v1_genomic.fna.var.txt
    jobid: 12
    reason: Missing output files: intermediate/pafcalls/GCA_001641025.1_ASM164102v1_genomic.fna.var.txt; Input files updated by another job: intermediate/pafsamples/GCA_001641025.1_ASM164102v1_genomic.fna.srt.paf
    wildcards: sample=GCA_001641025.1_ASM164102v1_genomic.fna
    resources: tmpdir=/tmp

[Fri Jan  7 15:48:26 2022]
Finished job 48.
12 of 51 steps (24%) done
Select jobs to execute...

[Fri Jan  7 15:48:26 2022]
rule paf2vcf:
    input: intermediate/pafcalls/GCA_900607265.1_BPH2003_genomic.fna.var.txt
    output: intermediate/vcfs/GCA_900607265.1_BPH2003_genomic.fna.vcf
    jobid: 47
    reason: Missing output files: intermediate/vcfs/GCA_900607265.1_BPH2003_genomic.fna.vcf; Input files updated by another job: intermediate/pafcalls/GCA_900607265.1_BPH2003_genomic.fna.var.txt
    wildcards: sample=GCA_900607265.1_BPH2003_genomic.fna
    resources: tmpdir=/tmp

[Fri Jan  7 15:48:26 2022]
Finished job 12.
13 of 51 steps (25%) done
Select jobs to execute...

[Fri Jan  7 15:48:27 2022]
rule callPaf:
    input: intermediate/pafsamples/GCA_001027105.1_ASM102710v1_genomic.fna.srt.paf
    output: intermediate/pafcalls/GCA_001027105.1_ASM102710v1_genomic.fna.var.txt
    jobid: 6
    reason: Missing output files: intermediate/pafcalls/GCA_001027105.1_ASM102710v1_genomic.fna.var.txt; Input files updated by another job: intermediate/pafsamples/GCA_001027105.1_ASM102710v1_genomic.fna.srt.paf
    wildcards: sample=GCA_001027105.1_ASM102710v1_genomic.fna
    resources: tmpdir=/tmp

Select jobs to execute...
[Fri Jan  7 15:48:27 2022]
Finished job 6.
14 of 51 steps (27%) done

[Fri Jan  7 15:48:27 2022]
rule paf2vcf:
    input: intermediate/pafcalls/GCA_001027105.1_ASM102710v1_genomic.fna.var.txt
    output: intermediate/vcfs/GCA_001027105.1_ASM102710v1_genomic.fna.vcf
    jobid: 5
    reason: Missing output files: intermediate/vcfs/GCA_001027105.1_ASM102710v1_genomic.fna.vcf; Input files updated by another job: intermediate/pafcalls/GCA_001027105.1_ASM102710v1_genomic.fna.var.txt
    wildcards: sample=GCA_001027105.1_ASM102710v1_genomic.fna
    resources: tmpdir=/tmp

[Fri Jan  7 15:48:28 2022]
Finished job 47.
15 of 51 steps (29%) done
Select jobs to execute...

[Fri Jan  7 15:48:28 2022]
rule normVcfs:
    input: intermediate/vcfs/GCA_900607265.1_BPH2003_genomic.fna.vcf
    output: intermediate/normVcfs/GCA_900607265.1_BPH2003_genomic.fna.norm.vcf
    jobid: 46
    reason: Missing output files: intermediate/normVcfs/GCA_900607265.1_BPH2003_genomic.fna.norm.vcf; Input files updated by another job: intermediate/vcfs/GCA_900607265.1_BPH2003_genomic.fna.vcf
    wildcards: sample=GCA_900607265.1_BPH2003_genomic.fna
    resources: tmpdir=/tmp

[Fri Jan  7 15:48:28 2022]
Finished job 5.
16 of 51 steps (31%) done
Select jobs to execute...

[Fri Jan  7 15:48:29 2022]
rule normVcfs:
    input: intermediate/vcfs/GCA_001027105.1_ASM102710v1_genomic.fna.vcf
    output: intermediate/normVcfs/GCA_001027105.1_ASM102710v1_genomic.fna.norm.vcf
    jobid: 4
    reason: Missing output files: intermediate/normVcfs/GCA_001027105.1_ASM102710v1_genomic.fna.norm.vcf; Input files updated by another job: intermediate/vcfs/GCA_001027105.1_ASM102710v1_genomic.fna.vcf
    wildcards: sample=GCA_001027105.1_ASM102710v1_genomic.fna
    resources: tmpdir=/tmp

[Fri Jan  7 15:48:30 2022]
Finished job 38.
17 of 51 steps (33%) done
Select jobs to execute...

[Fri Jan  7 15:48:30 2022]
rule sortPaf:
    input: intermediate/pafsamples/GCA_006094915.1_ASM609491v1_genomic.fna.paf
    output: intermediate/pafsamples/GCA_006094915.1_ASM609491v1_genomic.fna.srt.paf
    jobid: 37
    reason: Missing output files: intermediate/pafsamples/GCA_006094915.1_ASM609491v1_genomic.fna.srt.paf; Input files updated by another job: intermediate/pafsamples/GCA_006094915.1_ASM609491v1_genomic.fna.paf
    wildcards: sample=GCA_006094915.1_ASM609491v1_genomic.fna
    resources: tmpdir=/tmp

[Fri Jan  7 15:48:30 2022]
Finished job 37.
18 of 51 steps (35%) done
Select jobs to execute...

[Fri Jan  7 15:48:31 2022]
rule callPaf:
    input: intermediate/pafsamples/GCA_006094915.1_ASM609491v1_genomic.fna.srt.paf
    output: intermediate/pafcalls/GCA_006094915.1_ASM609491v1_genomic.fna.var.txt
    jobid: 36
    reason: Missing output files: intermediate/pafcalls/GCA_006094915.1_ASM609491v1_genomic.fna.var.txt; Input files updated by another job: intermediate/pafsamples/GCA_006094915.1_ASM609491v1_genomic.fna.srt.paf
    wildcards: sample=GCA_006094915.1_ASM609491v1_genomic.fna
    resources: tmpdir=/tmp

[Fri Jan  7 15:48:31 2022]
Finished job 36.
19 of 51 steps (37%) done
Select jobs to execute...

[Fri Jan  7 15:48:31 2022]
rule paf2vcf:
    input: intermediate/pafcalls/GCA_006094915.1_ASM609491v1_genomic.fna.var.txt
    output: intermediate/vcfs/GCA_006094915.1_ASM609491v1_genomic.fna.vcf
    jobid: 35
    reason: Missing output files: intermediate/vcfs/GCA_006094915.1_ASM609491v1_genomic.fna.vcf; Input files updated by another job: intermediate/pafcalls/GCA_006094915.1_ASM609491v1_genomic.fna.var.txt
    wildcards: sample=GCA_006094915.1_ASM609491v1_genomic.fna
    resources: tmpdir=/tmp

[Fri Jan  7 15:48:31 2022]
Finished job 46.
20 of 51 steps (39%) done
Select jobs to execute...

[Fri Jan  7 15:48:32 2022]
rule prepNormVcfs:
    input: intermediate/normVcfs/GCA_900607265.1_BPH2003_genomic.fna.norm.vcf
    output: intermediate/normVcfs/GCA_900607265.1_BPH2003_genomic.fna.norm.vcf.gz
    jobid: 45
    reason: Missing output files: intermediate/normVcfs/GCA_900607265.1_BPH2003_genomic.fna.norm.vcf.gz; Input files updated by another job: intermediate/normVcfs/GCA_900607265.1_BPH2003_genomic.fna.norm.vcf
    wildcards: sample=GCA_900607265.1_BPH2003_genomic.fna
    resources: tmpdir=/tmp

[Fri Jan  7 15:48:32 2022]
Finished job 4.
21 of 51 steps (41%) done
Select jobs to execute...

[Fri Jan  7 15:48:32 2022]
rule prepNormVcfs:
    input: intermediate/normVcfs/GCA_001027105.1_ASM102710v1_genomic.fna.norm.vcf
    output: intermediate/normVcfs/GCA_001027105.1_ASM102710v1_genomic.fna.norm.vcf.gz
    jobid: 3
    reason: Missing output files: intermediate/normVcfs/GCA_001027105.1_ASM102710v1_genomic.fna.norm.vcf.gz; Input files updated by another job: intermediate/normVcfs/GCA_001027105.1_ASM102710v1_genomic.fna.norm.vcf
    wildcards: sample=GCA_001027105.1_ASM102710v1_genomic.fna
    resources: tmpdir=/tmp

[Fri Jan  7 15:48:32 2022]
Finished job 35.
22 of 51 steps (43%) done
Select jobs to execute...

[Fri Jan  7 15:48:32 2022]
rule normVcfs:
    input: intermediate/vcfs/GCA_006094915.1_ASM609491v1_genomic.fna.vcf
    output: intermediate/normVcfs/GCA_006094915.1_ASM609491v1_genomic.fna.norm.vcf
    jobid: 34
    reason: Missing output files: intermediate/normVcfs/GCA_006094915.1_ASM609491v1_genomic.fna.norm.vcf; Input files updated by another job: intermediate/vcfs/GCA_006094915.1_ASM609491v1_genomic.fna.vcf
    wildcards: sample=GCA_006094915.1_ASM609491v1_genomic.fna
    resources: tmpdir=/tmp

[Fri Jan  7 15:48:35 2022]
Finished job 3.
23 of 51 steps (45%) done
Select jobs to execute...

[Fri Jan  7 15:48:35 2022]
rule normVcfs:
    input: intermediate/vcfs/GCA_003945425.1_ASM394542v1_genomic.fna.vcf
    output: intermediate/normVcfs/GCA_003945425.1_ASM394542v1_genomic.fna.norm.vcf
    jobid: 22
    reason: Missing output files: intermediate/normVcfs/GCA_003945425.1_ASM394542v1_genomic.fna.norm.vcf; Input files updated by another job: intermediate/vcfs/GCA_003945425.1_ASM394542v1_genomic.fna.vcf
    wildcards: sample=GCA_003945425.1_ASM394542v1_genomic.fna
    resources: tmpdir=/tmp

[Fri Jan  7 15:48:35 2022]
Finished job 45.
24 of 51 steps (47%) done
Select jobs to execute...

[Fri Jan  7 15:48:35 2022]
rule paf2vcf:
    input: intermediate/pafcalls/GCA_001641025.1_ASM164102v1_genomic.fna.var.txt
    output: intermediate/vcfs/GCA_001641025.1_ASM164102v1_genomic.fna.vcf
    jobid: 11
    reason: Missing output files: intermediate/vcfs/GCA_001641025.1_ASM164102v1_genomic.fna.vcf; Input files updated by another job: intermediate/pafcalls/GCA_001641025.1_ASM164102v1_genomic.fna.var.txt
    wildcards: sample=GCA_001641025.1_ASM164102v1_genomic.fna
    resources: tmpdir=/tmp

[Fri Jan  7 15:48:36 2022]
Finished job 34.
25 of 51 steps (49%) done
Select jobs to execute...

[Fri Jan  7 15:48:36 2022]
rule prepNormVcfs:
    input: intermediate/normVcfs/GCA_006094915.1_ASM609491v1_genomic.fna.norm.vcf
    output: intermediate/normVcfs/GCA_006094915.1_ASM609491v1_genomic.fna.norm.vcf.gz
    jobid: 33
    reason: Missing output files: intermediate/normVcfs/GCA_006094915.1_ASM609491v1_genomic.fna.norm.vcf.gz; Input files updated by another job: intermediate/normVcfs/GCA_006094915.1_ASM609491v1_genomic.fna.norm.vcf
    wildcards: sample=GCA_006094915.1_ASM609491v1_genomic.fna
    resources: tmpdir=/tmp

[Fri Jan  7 15:48:37 2022]
Finished job 11.
26 of 51 steps (51%) done
Select jobs to execute...

[Fri Jan  7 15:48:37 2022]
rule normVcfs:
    input: intermediate/vcfs/GCA_001641025.1_ASM164102v1_genomic.fna.vcf
    output: intermediate/normVcfs/GCA_001641025.1_ASM164102v1_genomic.fna.norm.vcf
    jobid: 10
    reason: Missing output files: intermediate/normVcfs/GCA_001641025.1_ASM164102v1_genomic.fna.norm.vcf; Input files updated by another job: intermediate/vcfs/GCA_001641025.1_ASM164102v1_genomic.fna.vcf
    wildcards: sample=GCA_001641025.1_ASM164102v1_genomic.fna
    resources: tmpdir=/tmp

[Fri Jan  7 15:48:39 2022]
Finished job 22.
27 of 51 steps (53%) done
Select jobs to execute...

[Fri Jan  7 15:48:39 2022]
rule sortPaf:
    input: intermediate/pafsamples/GCA_002895385.1_ASM289538v1_genomic.fna.paf
    output: intermediate/pafsamples/GCA_002895385.1_ASM289538v1_genomic.fna.srt.paf
    jobid: 19
    reason: Missing output files: intermediate/pafsamples/GCA_002895385.1_ASM289538v1_genomic.fna.srt.paf; Input files updated by another job: intermediate/pafsamples/GCA_002895385.1_ASM289538v1_genomic.fna.paf
    wildcards: sample=GCA_002895385.1_ASM289538v1_genomic.fna
    resources: tmpdir=/tmp

[Fri Jan  7 15:48:39 2022]
Finished job 19.
28 of 51 steps (55%) done
Select jobs to execute...

[Fri Jan  7 15:48:39 2022]
rule callPaf:
    input: intermediate/pafsamples/GCA_002895385.1_ASM289538v1_genomic.fna.srt.paf
    output: intermediate/pafcalls/GCA_002895385.1_ASM289538v1_genomic.fna.var.txt
    jobid: 18
    reason: Missing output files: intermediate/pafcalls/GCA_002895385.1_ASM289538v1_genomic.fna.var.txt; Input files updated by another job: intermediate/pafsamples/GCA_002895385.1_ASM289538v1_genomic.fna.srt.paf
    wildcards: sample=GCA_002895385.1_ASM289538v1_genomic.fna
    resources: tmpdir=/tmp

[Fri Jan  7 15:48:40 2022]
Finished job 18.
29 of 51 steps (57%) done
Select jobs to execute...

[Fri Jan  7 15:48:40 2022]
rule paf2vcf:
    input: intermediate/pafcalls/GCA_002895385.1_ASM289538v1_genomic.fna.var.txt
    output: intermediate/vcfs/GCA_002895385.1_ASM289538v1_genomic.fna.vcf
    jobid: 17
    reason: Missing output files: intermediate/vcfs/GCA_002895385.1_ASM289538v1_genomic.fna.vcf; Input files updated by another job: intermediate/pafcalls/GCA_002895385.1_ASM289538v1_genomic.fna.var.txt
    wildcards: sample=GCA_002895385.1_ASM289538v1_genomic.fna
    resources: tmpdir=/tmp

[Fri Jan  7 15:48:40 2022]
Finished job 33.
30 of 51 steps (59%) done
Select jobs to execute...

[Fri Jan  7 15:48:40 2022]
rule fastas2Pafs:
    input: ref/staph-aureus-ref-GCF_000013425.1_ASM1342v1_genomic.fna, samples/GCA_004136255.1_ASM413625v1_genomic.fna
    output: intermediate/pafsamples/GCA_004136255.1_ASM413625v1_genomic.fna.paf
    jobid: 32
    reason: Missing output files: intermediate/pafsamples/GCA_004136255.1_ASM413625v1_genomic.fna.paf
    wildcards: sample=GCA_004136255.1_ASM413625v1_genomic.fna
    resources: tmpdir=/tmp

[Fri Jan  7 15:48:41 2022]
Finished job 10.
31 of 51 steps (61%) done
Select jobs to execute...

[Fri Jan  7 15:48:41 2022]
rule prepNormVcfs:
    input: intermediate/normVcfs/GCA_001641025.1_ASM164102v1_genomic.fna.norm.vcf
    output: intermediate/normVcfs/GCA_001641025.1_ASM164102v1_genomic.fna.norm.vcf.gz
    jobid: 9
    reason: Missing output files: intermediate/normVcfs/GCA_001641025.1_ASM164102v1_genomic.fna.norm.vcf.gz; Input files updated by another job: intermediate/normVcfs/GCA_001641025.1_ASM164102v1_genomic.fna.norm.vcf
    wildcards: sample=GCA_001641025.1_ASM164102v1_genomic.fna
    resources: tmpdir=/tmp

[Fri Jan  7 15:48:41 2022]
Finished job 17.
32 of 51 steps (63%) done
Select jobs to execute...

[Fri Jan  7 15:48:41 2022]
rule normVcfs:
    input: intermediate/vcfs/GCA_002895385.1_ASM289538v1_genomic.fna.vcf
    output: intermediate/normVcfs/GCA_002895385.1_ASM289538v1_genomic.fna.norm.vcf
    jobid: 16
    reason: Missing output files: intermediate/normVcfs/GCA_002895385.1_ASM289538v1_genomic.fna.norm.vcf; Input files updated by another job: intermediate/vcfs/GCA_002895385.1_ASM289538v1_genomic.fna.vcf
    wildcards: sample=GCA_002895385.1_ASM289538v1_genomic.fna
    resources: tmpdir=/tmp

[Fri Jan  7 15:48:44 2022]
Finished job 32.
33 of 51 steps (65%) done
Select jobs to execute...

[Fri Jan  7 15:48:44 2022]
rule sortPaf:
    input: intermediate/pafsamples/GCA_004136255.1_ASM413625v1_genomic.fna.paf
    output: intermediate/pafsamples/GCA_004136255.1_ASM413625v1_genomic.fna.srt.paf
    jobid: 31
    reason: Missing output files: intermediate/pafsamples/GCA_004136255.1_ASM413625v1_genomic.fna.srt.paf; Input files updated by another job: intermediate/pafsamples/GCA_004136255.1_ASM413625v1_genomic.fna.paf
    wildcards: sample=GCA_004136255.1_ASM413625v1_genomic.fna
    resources: tmpdir=/tmp

[Fri Jan  7 15:48:44 2022]
Finished job 9.
34 of 51 steps (67%) done
Select jobs to execute...

[Fri Jan  7 15:48:44 2022]
rule prepNormVcfs:
    input: intermediate/normVcfs/GCA_003945425.1_ASM394542v1_genomic.fna.norm.vcf
    output: intermediate/normVcfs/GCA_003945425.1_ASM394542v1_genomic.fna.norm.vcf.gz
    jobid: 21
    reason: Missing output files: intermediate/normVcfs/GCA_003945425.1_ASM394542v1_genomic.fna.norm.vcf.gz; Input files updated by another job: intermediate/normVcfs/GCA_003945425.1_ASM394542v1_genomic.fna.norm.vcf
    wildcards: sample=GCA_003945425.1_ASM394542v1_genomic.fna
    resources: tmpdir=/tmp

[Fri Jan  7 15:48:44 2022]
Finished job 31.
35 of 51 steps (69%) done
Select jobs to execute...

[Fri Jan  7 15:48:44 2022]
rule callPaf:
    input: intermediate/pafsamples/GCA_004136255.1_ASM413625v1_genomic.fna.srt.paf
    output: intermediate/pafcalls/GCA_004136255.1_ASM413625v1_genomic.fna.var.txt
    jobid: 30
    reason: Missing output files: intermediate/pafcalls/GCA_004136255.1_ASM413625v1_genomic.fna.var.txt; Input files updated by another job: intermediate/pafsamples/GCA_004136255.1_ASM413625v1_genomic.fna.srt.paf
    wildcards: sample=GCA_004136255.1_ASM413625v1_genomic.fna
    resources: tmpdir=/tmp

[Fri Jan  7 15:48:45 2022]
Finished job 16.
36 of 51 steps (71%) done
Select jobs to execute...

[Fri Jan  7 15:48:45 2022]
rule prepNormVcfs:
    input: intermediate/normVcfs/GCA_002895385.1_ASM289538v1_genomic.fna.norm.vcf
    output: intermediate/normVcfs/GCA_002895385.1_ASM289538v1_genomic.fna.norm.vcf.gz
    jobid: 15
    reason: Missing output files: intermediate/normVcfs/GCA_002895385.1_ASM289538v1_genomic.fna.norm.vcf.gz; Input files updated by another job: intermediate/normVcfs/GCA_002895385.1_ASM289538v1_genomic.fna.norm.vcf
    wildcards: sample=GCA_002895385.1_ASM289538v1_genomic.fna
    resources: tmpdir=/tmp

[Fri Jan  7 15:48:45 2022]
Finished job 30.
37 of 51 steps (73%) done
Select jobs to execute...

[Fri Jan  7 15:48:45 2022]
rule fastas2Pafs:
    input: ref/staph-aureus-ref-GCF_000013425.1_ASM1342v1_genomic.fna, samples/GCA_006364675.1_ASM636467v1_genomic.fna
    output: intermediate/pafsamples/GCA_006364675.1_ASM636467v1_genomic.fna.paf
    jobid: 44
    reason: Missing output files: intermediate/pafsamples/GCA_006364675.1_ASM636467v1_genomic.fna.paf
    wildcards: sample=GCA_006364675.1_ASM636467v1_genomic.fna
    resources: tmpdir=/tmp

[Fri Jan  7 15:48:47 2022]
Finished job 21.
38 of 51 steps (75%) done
Select jobs to execute...

[Fri Jan  7 15:48:47 2022]
rule paf2vcf:
    input: intermediate/pafcalls/GCA_004136255.1_ASM413625v1_genomic.fna.var.txt
    output: intermediate/vcfs/GCA_004136255.1_ASM413625v1_genomic.fna.vcf
    jobid: 29
    reason: Missing output files: intermediate/vcfs/GCA_004136255.1_ASM413625v1_genomic.fna.vcf; Input files updated by another job: intermediate/pafcalls/GCA_004136255.1_ASM413625v1_genomic.fna.var.txt
    wildcards: sample=GCA_004136255.1_ASM413625v1_genomic.fna
    resources: tmpdir=/tmp

[Fri Jan  7 15:48:48 2022]
Finished job 15.
39 of 51 steps (76%) done
[Fri Jan  7 15:48:48 2022]
Finished job 44.
40 of 51 steps (78%) done
Select jobs to execute...

[Fri Jan  7 15:48:48 2022]
rule sortPaf:
    input: intermediate/pafsamples/GCA_006364675.1_ASM636467v1_genomic.fna.paf
    output: intermediate/pafsamples/GCA_006364675.1_ASM636467v1_genomic.fna.srt.paf
    jobid: 43
    reason: Missing output files: intermediate/pafsamples/GCA_006364675.1_ASM636467v1_genomic.fna.srt.paf; Input files updated by another job: intermediate/pafsamples/GCA_006364675.1_ASM636467v1_genomic.fna.paf
    wildcards: sample=GCA_006364675.1_ASM636467v1_genomic.fna
    resources: tmpdir=/tmp

[Fri Jan  7 15:48:49 2022]
Finished job 43.
41 of 51 steps (80%) done
Select jobs to execute...

[Fri Jan  7 15:48:49 2022]
rule callPaf:
    input: intermediate/pafsamples/GCA_006364675.1_ASM636467v1_genomic.fna.srt.paf
    output: intermediate/pafcalls/GCA_006364675.1_ASM636467v1_genomic.fna.var.txt
    jobid: 42
    reason: Missing output files: intermediate/pafcalls/GCA_006364675.1_ASM636467v1_genomic.fna.var.txt; Input files updated by another job: intermediate/pafsamples/GCA_006364675.1_ASM636467v1_genomic.fna.srt.paf
    wildcards: sample=GCA_006364675.1_ASM636467v1_genomic.fna
    resources: tmpdir=/tmp

[Fri Jan  7 15:48:49 2022]
Finished job 42.
42 of 51 steps (82%) done
Select jobs to execute...

[Fri Jan  7 15:48:49 2022]
rule paf2vcf:
    input: intermediate/pafcalls/GCA_006364675.1_ASM636467v1_genomic.fna.var.txt
    output: intermediate/vcfs/GCA_006364675.1_ASM636467v1_genomic.fna.vcf
    jobid: 41
    reason: Missing output files: intermediate/vcfs/GCA_006364675.1_ASM636467v1_genomic.fna.vcf; Input files updated by another job: intermediate/pafcalls/GCA_006364675.1_ASM636467v1_genomic.fna.var.txt
    wildcards: sample=GCA_006364675.1_ASM636467v1_genomic.fna
    resources: tmpdir=/tmp

[Fri Jan  7 15:48:50 2022]
Finished job 29.
43 of 51 steps (84%) done
Select jobs to execute...

[Fri Jan  7 15:48:50 2022]
rule normVcfs:
    input: intermediate/vcfs/GCA_004136255.1_ASM413625v1_genomic.fna.vcf
    output: intermediate/normVcfs/GCA_004136255.1_ASM413625v1_genomic.fna.norm.vcf
    jobid: 28
    reason: Missing output files: intermediate/normVcfs/GCA_004136255.1_ASM413625v1_genomic.fna.norm.vcf; Input files updated by another job: intermediate/vcfs/GCA_004136255.1_ASM413625v1_genomic.fna.vcf
    wildcards: sample=GCA_004136255.1_ASM413625v1_genomic.fna
    resources: tmpdir=/tmp

[Fri Jan  7 15:48:51 2022]
Finished job 41.
44 of 51 steps (86%) done
Select jobs to execute...

[Fri Jan  7 15:48:51 2022]
rule normVcfs:
    input: intermediate/vcfs/GCA_006364675.1_ASM636467v1_genomic.fna.vcf
    output: intermediate/normVcfs/GCA_006364675.1_ASM636467v1_genomic.fna.norm.vcf
    jobid: 40
    reason: Missing output files: intermediate/normVcfs/GCA_006364675.1_ASM636467v1_genomic.fna.norm.vcf; Input files updated by another job: intermediate/vcfs/GCA_006364675.1_ASM636467v1_genomic.fna.vcf
    wildcards: sample=GCA_006364675.1_ASM636467v1_genomic.fna
    resources: tmpdir=/tmp

[Fri Jan  7 15:48:53 2022]
Finished job 28.
45 of 51 steps (88%) done
Select jobs to execute...

[Fri Jan  7 15:48:53 2022]
rule prepNormVcfs:
    input: intermediate/normVcfs/GCA_004136255.1_ASM413625v1_genomic.fna.norm.vcf
    output: intermediate/normVcfs/GCA_004136255.1_ASM413625v1_genomic.fna.norm.vcf.gz
    jobid: 27
    reason: Missing output files: intermediate/normVcfs/GCA_004136255.1_ASM413625v1_genomic.fna.norm.vcf.gz; Input files updated by another job: intermediate/normVcfs/GCA_004136255.1_ASM413625v1_genomic.fna.norm.vcf
    wildcards: sample=GCA_004136255.1_ASM413625v1_genomic.fna
    resources: tmpdir=/tmp

[Fri Jan  7 15:48:54 2022]
Finished job 40.
46 of 51 steps (90%) done
Select jobs to execute...

[Fri Jan  7 15:48:54 2022]
rule prepNormVcfs:
    input: intermediate/normVcfs/GCA_006364675.1_ASM636467v1_genomic.fna.norm.vcf
    output: intermediate/normVcfs/GCA_006364675.1_ASM636467v1_genomic.fna.norm.vcf.gz
    jobid: 39
    reason: Missing output files: intermediate/normVcfs/GCA_006364675.1_ASM636467v1_genomic.fna.norm.vcf.gz; Input files updated by another job: intermediate/normVcfs/GCA_006364675.1_ASM636467v1_genomic.fna.norm.vcf
    wildcards: sample=GCA_006364675.1_ASM636467v1_genomic.fna
    resources: tmpdir=/tmp

[Fri Jan  7 15:48:55 2022]
Finished job 27.
47 of 51 steps (92%) done
[Fri Jan  7 15:48:56 2022]
Finished job 39.
48 of 51 steps (94%) done
Select jobs to execute...

[Fri Jan  7 15:48:56 2022]
rule mergeVcfs:
    input: intermediate/normVcfs/GCA_001027105.1_ASM102710v1_genomic.fna.norm.vcf.gz, intermediate/normVcfs/GCA_001641025.1_ASM164102v1_genomic.fna.norm.vcf.gz, intermediate/normVcfs/GCA_002895385.1_ASM289538v1_genomic.fna.norm.vcf.gz, intermediate/normVcfs/GCA_003945425.1_ASM394542v1_genomic.fna.norm.vcf.gz, intermediate/normVcfs/GCA_004136255.1_ASM413625v1_genomic.fna.norm.vcf.gz, intermediate/normVcfs/GCA_006094915.1_ASM609491v1_genomic.fna.norm.vcf.gz, intermediate/normVcfs/GCA_006364675.1_ASM636467v1_genomic.fna.norm.vcf.gz, intermediate/normVcfs/GCA_900607265.1_BPH2003_genomic.fna.norm.vcf.gz
    output: MERGED.vcf
    jobid: 2
    reason: Missing output files: MERGED.vcf; Input files updated by another job: intermediate/normVcfs/GCA_002895385.1_ASM289538v1_genomic.fna.norm.vcf.gz, intermediate/normVcfs/GCA_003945425.1_ASM394542v1_genomic.fna.norm.vcf.gz, intermediate/normVcfs/GCA_900607265.1_BPH2003_genomic.fna.norm.vcf.gz, intermediate/normVcfs/GCA_001641025.1_ASM164102v1_genomic.fna.norm.vcf.gz, intermediate/normVcfs/GCA_004136255.1_ASM413625v1_genomic.fna.norm.vcf.gz, intermediate/normVcfs/GCA_006094915.1_ASM609491v1_genomic.fna.norm.vcf.gz, intermediate/normVcfs/GCA_001027105.1_ASM102710v1_genomic.fna.norm.vcf.gz, intermediate/normVcfs/GCA_006364675.1_ASM636467v1_genomic.fna.norm.vcf.gz
    resources: tmpdir=/tmp

[Fri Jan  7 15:48:56 2022]
Error in rule mergeVcfs:
    jobid: 2
    output: MERGED.vcf
    shell:
        bcftools merge -O v -o MERGED.vcf normVcfs/*.norm.vcf.gz
        (one of the commands exited with non-zero exit code; note that snakemake uses bash strict mode!)

Shutting down, this might take some time.
Exiting because a job execution failed. Look above for error message
Complete log: /mnt/c/Users/light/Desktop/american-education-system/lab-notes/paf-VCF/.snakemake/log/2022-01-07T154817.779144.snakemake.log
