Building DAG of jobs...
Using shell: /usr/bin/bash
Provided cores: 3
Rules claiming more threads will be scaled down.
Job stats:
job          count    min threads    max threads
---------  -------  -------------  -------------
all              1              1              1
end              1              1              1
mergeVcfs        1              1              1
total            3              1              1

Select jobs to execute...

[Fri Jan  7 15:49:33 2022]
rule mergeVcfs:
    input: intermediate/normVcfs/GCA_001027105.1_ASM102710v1_genomic.fna.norm.vcf.gz, intermediate/normVcfs/GCA_001641025.1_ASM164102v1_genomic.fna.norm.vcf.gz, intermediate/normVcfs/GCA_002895385.1_ASM289538v1_genomic.fna.norm.vcf.gz, intermediate/normVcfs/GCA_003945425.1_ASM394542v1_genomic.fna.norm.vcf.gz, intermediate/normVcfs/GCA_004136255.1_ASM413625v1_genomic.fna.norm.vcf.gz, intermediate/normVcfs/GCA_006094915.1_ASM609491v1_genomic.fna.norm.vcf.gz, intermediate/normVcfs/GCA_006364675.1_ASM636467v1_genomic.fna.norm.vcf.gz, intermediate/normVcfs/GCA_900607265.1_BPH2003_genomic.fna.norm.vcf.gz
    output: MERGED.vcf
    jobid: 2
    reason: Missing output files: MERGED.vcf
    resources: tmpdir=/tmp

[Fri Jan  7 15:49:34 2022]
Finished job 2.
1 of 3 steps (33%) done
Select jobs to execute...

[Fri Jan  7 15:49:34 2022]
rule end:
    input: MERGED.vcf
    output: all.txt
    jobid: 1
    reason: Missing output files: all.txt; Input files updated by another job: MERGED.vcf
    resources: tmpdir=/tmp

[Fri Jan  7 15:49:35 2022]
Finished job 1.
2 of 3 steps (67%) done
Select jobs to execute...

[Fri Jan  7 15:49:35 2022]
localrule all:
    input: all.txt
    jobid: 0
    reason: Input files updated by another job: all.txt
    resources: tmpdir=/tmp

[Fri Jan  7 15:49:36 2022]
Finished job 0.
3 of 3 steps (100%) done
Complete log: /mnt/c/Users/light/Desktop/american-education-system/lab-notes/paf-VCF/.snakemake/log/2022-01-07T154933.124122.snakemake.log
