Building DAG of jobs...
Using shell: /usr/bin/bash
Provided cores: 1 (use --cores to define parallelism)
Rules claiming more threads will be scaled down.
Job stats:
job            count    min threads    max threads
-----------  -------  -------------  -------------
all                1              1              1
callPaf            7              1              1
fastas2Pafs        2              1              1
fin                1              1              1
paf2vcf            8              1              1
sortPaf            7              1              1
total             26              1              1

Select jobs to execute...

[Fri Jan  7 14:36:52 2022]
rule paf2vcf:
    input: pafcalls/GCA_001027105.1_ASM102710v1_genomic.fna.var.txt
    output: vcfs/GCA_001027105.1_ASM102710v1_genomic.fna.vcf
    jobid: 2
    reason: Missing output files: vcfs/GCA_001027105.1_ASM102710v1_genomic.fna.vcf
    wildcards: sample=GCA_001027105.1_ASM102710v1_genomic.fna
    resources: tmpdir=/tmp

[Fri Jan  7 14:36:52 2022]
Error in rule paf2vcf:
    jobid: 2
    output: vcfs/GCA_001027105.1_ASM102710v1_genomic.fna.vcf
    shell:
        python paf2vcf.py -i pafcalls/GCA_001027105.1_ASM102710v1_genomic.fna.var.txt -o vcfs/GCA_001027105.1_ASM102710v1_genomic.fna.vcf
        (one of the commands exited with non-zero exit code; note that snakemake uses bash strict mode!)

Shutting down, this might take some time.
Exiting because a job execution failed. Look above for error message
Complete log: /mnt/c/Users/light/Desktop/american-education-system/lab-notes/paf-VCF/.snakemake/log/2022-01-07T143651.698204.snakemake.log
