Building DAG of jobs...
Using shell: /usr/bin/bash
Provided cores: 1 (use --cores to define parallelism)
Rules claiming more threads will be scaled down.
Conda environments: ignored
Job stats:
job            count    min threads    max threads
-----------  -------  -------------  -------------
all                1              1              1
callPaf            8              1              1
fastas2Pafs        8              1              1
paf2vcf            1              1              1
sortPaf            8              1              1
total             26              1              1

Select jobs to execute...

[Fri Jan  7 13:24:28 2022]
rule fastas2Pafs:
    input: ref/staph-aureus-ref-GCF_000013425.1_ASM1342v1_genomic.fna, samples/GCA_004136255.1_ASM413625v1_genomic.fna
    output: pafsamples/GCA_004136255.1_ASM413625v1_genomic.fna.paf
    jobid: 16
    reason: Missing output files: pafsamples/GCA_004136255.1_ASM413625v1_genomic.fna.paf
    wildcards: sample=GCA_004136255.1_ASM413625v1_genomic.fna
    resources: tmpdir=/tmp

[Fri Jan  7 13:24:29 2022]
Finished job 16.
1 of 26 steps (4%) done
Select jobs to execute...

[Fri Jan  7 13:24:29 2022]
rule sortPaf:
    input: pafsamples/GCA_004136255.1_ASM413625v1_genomic.fna.paf
    output: pafsamples/GCA_004136255.1_ASM413625v1_genomic.fna.srt.paf
    jobid: 15
    reason: Missing output files: pafsamples/GCA_004136255.1_ASM413625v1_genomic.fna.srt.paf; Input files updated by another job: pafsamples/GCA_004136255.1_ASM413625v1_genomic.fna.paf
    wildcards: sample=GCA_004136255.1_ASM413625v1_genomic.fna
    resources: tmpdir=/tmp

[Fri Jan  7 13:24:30 2022]
Finished job 15.
2 of 26 steps (8%) done
Select jobs to execute...

[Fri Jan  7 13:24:30 2022]
rule fastas2Pafs:
    input: ref/staph-aureus-ref-GCF_000013425.1_ASM1342v1_genomic.fna, samples/GCA_002895385.1_ASM289538v1_genomic.fna
    output: pafsamples/GCA_002895385.1_ASM289538v1_genomic.fna.paf
    jobid: 10
    reason: Missing output files: pafsamples/GCA_002895385.1_ASM289538v1_genomic.fna.paf
    wildcards: sample=GCA_002895385.1_ASM289538v1_genomic.fna
    resources: tmpdir=/tmp

[Fri Jan  7 13:24:31 2022]
Finished job 10.
3 of 26 steps (12%) done
Select jobs to execute...

[Fri Jan  7 13:24:32 2022]
rule sortPaf:
    input: pafsamples/GCA_002895385.1_ASM289538v1_genomic.fna.paf
    output: pafsamples/GCA_002895385.1_ASM289538v1_genomic.fna.srt.paf
    jobid: 9
    reason: Missing output files: pafsamples/GCA_002895385.1_ASM289538v1_genomic.fna.srt.paf; Input files updated by another job: pafsamples/GCA_002895385.1_ASM289538v1_genomic.fna.paf
    wildcards: sample=GCA_002895385.1_ASM289538v1_genomic.fna
    resources: tmpdir=/tmp

[Fri Jan  7 13:24:32 2022]
Finished job 9.
4 of 26 steps (15%) done
Select jobs to execute...

[Fri Jan  7 13:24:32 2022]
rule fastas2Pafs:
    input: ref/staph-aureus-ref-GCF_000013425.1_ASM1342v1_genomic.fna, samples/GCA_001641025.1_ASM164102v1_genomic.fna
    output: pafsamples/GCA_001641025.1_ASM164102v1_genomic.fna.paf
    jobid: 7
    reason: Missing output files: pafsamples/GCA_001641025.1_ASM164102v1_genomic.fna.paf
    wildcards: sample=GCA_001641025.1_ASM164102v1_genomic.fna
    resources: tmpdir=/tmp

[Fri Jan  7 13:24:34 2022]
Finished job 7.
5 of 26 steps (19%) done
Select jobs to execute...

[Fri Jan  7 13:24:34 2022]
rule fastas2Pafs:
    input: ref/staph-aureus-ref-GCF_000013425.1_ASM1342v1_genomic.fna, samples/GCA_003945425.1_ASM394542v1_genomic.fna
    output: pafsamples/GCA_003945425.1_ASM394542v1_genomic.fna.paf
    jobid: 13
    reason: Missing output files: pafsamples/GCA_003945425.1_ASM394542v1_genomic.fna.paf
    wildcards: sample=GCA_003945425.1_ASM394542v1_genomic.fna
    resources: tmpdir=/tmp

[Fri Jan  7 13:24:35 2022]
Finished job 13.
6 of 26 steps (23%) done
Select jobs to execute...

[Fri Jan  7 13:24:36 2022]
rule sortPaf:
    input: pafsamples/GCA_003945425.1_ASM394542v1_genomic.fna.paf
    output: pafsamples/GCA_003945425.1_ASM394542v1_genomic.fna.srt.paf
    jobid: 12
    reason: Missing output files: pafsamples/GCA_003945425.1_ASM394542v1_genomic.fna.srt.paf; Input files updated by another job: pafsamples/GCA_003945425.1_ASM394542v1_genomic.fna.paf
    wildcards: sample=GCA_003945425.1_ASM394542v1_genomic.fna
    resources: tmpdir=/tmp

[Fri Jan  7 13:24:36 2022]
Finished job 12.
7 of 26 steps (27%) done
Select jobs to execute...

[Fri Jan  7 13:24:36 2022]
rule callPaf:
    input: pafsamples/GCA_003945425.1_ASM394542v1_genomic.fna.srt.paf
    output: pafcalls/GCA_003945425.1_ASM394542v1_genomic.fna.var.txt
    jobid: 11
    reason: Missing output files: pafcalls/GCA_003945425.1_ASM394542v1_genomic.fna.var.txt; Input files updated by another job: pafsamples/GCA_003945425.1_ASM394542v1_genomic.fna.srt.paf
    wildcards: sample=GCA_003945425.1_ASM394542v1_genomic.fna
    resources: tmpdir=/tmp

[Fri Jan  7 13:24:36 2022]
Error in rule callPaf:
    jobid: 11
    output: pafcalls/GCA_003945425.1_ASM394542v1_genomic.fna.var.txt
    shell:
        k8 paftools.js call pafsamples/GCA_003945425.1_ASM394542v1_genomic.fna.srt.paf > pafcalls/GCA_003945425.1_ASM394542v1_genomic.fna.var.txt
        (one of the commands exited with non-zero exit code; note that snakemake uses bash strict mode!)

Removing output files of failed job callPaf since they might be corrupted:
pafcalls/GCA_003945425.1_ASM394542v1_genomic.fna.var.txt
Shutting down, this might take some time.
Exiting because a job execution failed. Look above for error message
Complete log: /mnt/c/Users/light/Desktop/american-education-system/lab-notes/paf-VCF/.snakemake/log/2022-01-07T132427.643749.snakemake.log
