Building DAG of jobs...
Using shell: /usr/bin/bash
Provided cores: 2
Rules claiming more threads will be scaled down.
Job stats:
job         count    min threads    max threads
--------  -------  -------------  -------------
all             1              1              1
fin             1              1              1
normVcfs        8              1              1
paf2vcf         2              1              1
total          12              1              1

Select jobs to execute...

[Fri Jan  7 15:23:31 2022]
rule paf2vcf:
    input: pafcalls/GCA_006094915.1_ASM609491v1_genomic.fna.var.txt
    output: vcfs/GCA_006094915.1_ASM609491v1_genomic.fna.vcf
    jobid: 28
    reason: Missing output files: vcfs/GCA_006094915.1_ASM609491v1_genomic.fna.vcf
    wildcards: sample=GCA_006094915.1_ASM609491v1_genomic.fna
    resources: tmpdir=/tmp


[Fri Jan  7 15:23:31 2022]
rule normVcfs:
    input: vcfs/GCA_001641025.1_ASM164102v1_genomic.fna.vcf
    output: normVcfs/GCA_001641025.1_ASM164102v1_genomic.fna.norm.vcf
    jobid: 7
    reason: Missing output files: normVcfs/GCA_001641025.1_ASM164102v1_genomic.fna.norm.vcf
    wildcards: sample=GCA_001641025.1_ASM164102v1_genomic.fna
    resources: tmpdir=/tmp

[Fri Jan  7 15:23:32 2022]
Finished job 28.
1 of 12 steps (8%) done
Select jobs to execute...

[Fri Jan  7 15:23:32 2022]
rule normVcfs:
    input: vcfs/GCA_006094915.1_ASM609491v1_genomic.fna.vcf
    output: normVcfs/GCA_006094915.1_ASM609491v1_genomic.fna.norm.vcf
    jobid: 27
    reason: Missing output files: normVcfs/GCA_006094915.1_ASM609491v1_genomic.fna.norm.vcf; Input files updated by another job: vcfs/GCA_006094915.1_ASM609491v1_genomic.fna.vcf
    wildcards: sample=GCA_006094915.1_ASM609491v1_genomic.fna
    resources: tmpdir=/tmp

[Fri Jan  7 15:23:34 2022]
Finished job 7.
2 of 12 steps (17%) done
Select jobs to execute...

[Fri Jan  7 15:23:34 2022]
rule normVcfs:
    input: vcfs/GCA_900607265.1_BPH2003_genomic.fna.vcf
    output: normVcfs/GCA_900607265.1_BPH2003_genomic.fna.norm.vcf
    jobid: 37
    reason: Missing output files: normVcfs/GCA_900607265.1_BPH2003_genomic.fna.norm.vcf
    wildcards: sample=GCA_900607265.1_BPH2003_genomic.fna
    resources: tmpdir=/tmp

[Fri Jan  7 15:23:36 2022]
Finished job 37.
3 of 12 steps (25%) done
Select jobs to execute...

[Fri Jan  7 15:23:36 2022]
rule normVcfs:
    input: vcfs/GCA_004136255.1_ASM413625v1_genomic.fna.vcf
    output: normVcfs/GCA_004136255.1_ASM413625v1_genomic.fna.norm.vcf
    jobid: 22
    reason: Missing output files: normVcfs/GCA_004136255.1_ASM413625v1_genomic.fna.norm.vcf
    wildcards: sample=GCA_004136255.1_ASM413625v1_genomic.fna
    resources: tmpdir=/tmp

[Fri Jan  7 15:23:39 2022]
Finished job 22.
4 of 12 steps (33%) done
Select jobs to execute...

[Fri Jan  7 15:23:39 2022]
rule normVcfs:
    input: vcfs/GCA_006364675.1_ASM636467v1_genomic.fna.vcf
    output: normVcfs/GCA_006364675.1_ASM636467v1_genomic.fna.norm.vcf
    jobid: 32
    reason: Missing output files: normVcfs/GCA_006364675.1_ASM636467v1_genomic.fna.norm.vcf
    wildcards: sample=GCA_006364675.1_ASM636467v1_genomic.fna
    resources: tmpdir=/tmp

[Fri Jan  7 15:23:42 2022]
Finished job 32.
5 of 12 steps (42%) done
Select jobs to execute...

[Fri Jan  7 15:23:42 2022]
rule normVcfs:
    input: vcfs/GCA_002895385.1_ASM289538v1_genomic.fna.vcf
    output: normVcfs/GCA_002895385.1_ASM289538v1_genomic.fna.norm.vcf
    jobid: 12
    reason: Missing output files: normVcfs/GCA_002895385.1_ASM289538v1_genomic.fna.norm.vcf
    wildcards: sample=GCA_002895385.1_ASM289538v1_genomic.fna
    resources: tmpdir=/tmp

[Fri Jan  7 15:23:44 2022]
Finished job 12.
6 of 12 steps (50%) done
Select jobs to execute...

[Fri Jan  7 15:23:44 2022]
rule normVcfs:
    input: vcfs/GCA_001027105.1_ASM102710v1_genomic.fna.vcf
    output: normVcfs/GCA_001027105.1_ASM102710v1_genomic.fna.norm.vcf
    jobid: 2
    reason: Missing output files: normVcfs/GCA_001027105.1_ASM102710v1_genomic.fna.norm.vcf
    wildcards: sample=GCA_001027105.1_ASM102710v1_genomic.fna
    resources: tmpdir=/tmp

[Fri Jan  7 15:23:47 2022]
Finished job 2.
7 of 12 steps (58%) done
Select jobs to execute...

[Fri Jan  7 15:23:47 2022]
rule paf2vcf:
    input: pafcalls/GCA_003945425.1_ASM394542v1_genomic.fna.var.txt
    output: vcfs/GCA_003945425.1_ASM394542v1_genomic.fna.vcf
    jobid: 18
    reason: Missing output files: vcfs/GCA_003945425.1_ASM394542v1_genomic.fna.vcf
    wildcards: sample=GCA_003945425.1_ASM394542v1_genomic.fna
    resources: tmpdir=/tmp

[Fri Jan  7 15:23:48 2022]
Finished job 18.
8 of 12 steps (67%) done
Select jobs to execute...

[Fri Jan  7 15:23:48 2022]
rule normVcfs:
    input: vcfs/GCA_003945425.1_ASM394542v1_genomic.fna.vcf
    output: normVcfs/GCA_003945425.1_ASM394542v1_genomic.fna.norm.vcf
    jobid: 17
    reason: Missing output files: normVcfs/GCA_003945425.1_ASM394542v1_genomic.fna.norm.vcf; Input files updated by another job: vcfs/GCA_003945425.1_ASM394542v1_genomic.fna.vcf
    wildcards: sample=GCA_003945425.1_ASM394542v1_genomic.fna
    resources: tmpdir=/tmp

[Fri Jan  7 15:24:03 2022]
Finished job 27.
9 of 12 steps (75%) done
Terminating processes on user request, this might take some time.
Complete log: /mnt/c/Users/light/Desktop/american-education-system/lab-notes/paf-VCF/.snakemake/log/2022-01-07T152330.657536.snakemake.log
