Building DAG of jobs...
Using shell: /usr/bin/bash
Provided cores: 1 (use --cores to define parallelism)
Rules claiming more threads will be scaled down.
Job stats:
job      count    min threads    max threads
-----  -------  -------------  -------------
all          1              1              1
prin         8              1              1
tak          1              1              1
total       10              1              1

Select jobs to execute...

[Fri Jan  7 03:03:55 2022]
rule prin:
    input: samples/GCA_900607265.1_BPH2003_genomic.fna
    output: txtsamples/GCA_900607265.1_BPH2003_genomic.fna.txt
    jobid: 9
    reason: Missing output files: txtsamples/GCA_900607265.1_BPH2003_genomic.fna.txt
    wildcards: sample=GCA_900607265.1_BPH2003_genomic.fna
    resources: tmpdir=/tmp

[Fri Jan  7 03:03:55 2022]
Finished job 9.
1 of 10 steps (10%) done
Select jobs to execute...

[Fri Jan  7 03:03:55 2022]
rule prin:
    input: samples/GCA_004136255.1_ASM413625v1_genomic.fna
    output: txtsamples/GCA_004136255.1_ASM413625v1_genomic.fna.txt
    jobid: 6
    reason: Missing output files: txtsamples/GCA_004136255.1_ASM413625v1_genomic.fna.txt
    wildcards: sample=GCA_004136255.1_ASM413625v1_genomic.fna
    resources: tmpdir=/tmp

[Fri Jan  7 03:03:55 2022]
Finished job 6.
2 of 10 steps (20%) done
Select jobs to execute...

[Fri Jan  7 03:03:55 2022]
rule prin:
    input: samples/GCA_002895385.1_ASM289538v1_genomic.fna
    output: txtsamples/GCA_002895385.1_ASM289538v1_genomic.fna.txt
    jobid: 4
    reason: Missing output files: txtsamples/GCA_002895385.1_ASM289538v1_genomic.fna.txt
    wildcards: sample=GCA_002895385.1_ASM289538v1_genomic.fna
    resources: tmpdir=/tmp

[Fri Jan  7 03:03:55 2022]
Finished job 4.
3 of 10 steps (30%) done
Select jobs to execute...

[Fri Jan  7 03:03:55 2022]
rule prin:
    input: samples/GCA_001027105.1_ASM102710v1_genomic.fna
    output: txtsamples/GCA_001027105.1_ASM102710v1_genomic.fna.txt
    jobid: 2
    reason: Missing output files: txtsamples/GCA_001027105.1_ASM102710v1_genomic.fna.txt
    wildcards: sample=GCA_001027105.1_ASM102710v1_genomic.fna
    resources: tmpdir=/tmp

[Fri Jan  7 03:03:56 2022]
Finished job 2.
4 of 10 steps (40%) done
Select jobs to execute...

[Fri Jan  7 03:03:56 2022]
rule prin:
    input: samples/GCA_006364675.1_ASM636467v1_genomic.fna
    output: txtsamples/GCA_006364675.1_ASM636467v1_genomic.fna.txt
    jobid: 8
    reason: Missing output files: txtsamples/GCA_006364675.1_ASM636467v1_genomic.fna.txt
    wildcards: sample=GCA_006364675.1_ASM636467v1_genomic.fna
    resources: tmpdir=/tmp

[Fri Jan  7 03:03:56 2022]
Finished job 8.
5 of 10 steps (50%) done
Select jobs to execute...

[Fri Jan  7 03:03:56 2022]
rule prin:
    input: samples/GCA_006094915.1_ASM609491v1_genomic.fna
    output: txtsamples/GCA_006094915.1_ASM609491v1_genomic.fna.txt
    jobid: 7
    reason: Missing output files: txtsamples/GCA_006094915.1_ASM609491v1_genomic.fna.txt
    wildcards: sample=GCA_006094915.1_ASM609491v1_genomic.fna
    resources: tmpdir=/tmp

[Fri Jan  7 03:03:56 2022]
Finished job 7.
6 of 10 steps (60%) done
Select jobs to execute...

[Fri Jan  7 03:03:56 2022]
rule prin:
    input: samples/GCA_001641025.1_ASM164102v1_genomic.fna
    output: txtsamples/GCA_001641025.1_ASM164102v1_genomic.fna.txt
    jobid: 3
    reason: Missing output files: txtsamples/GCA_001641025.1_ASM164102v1_genomic.fna.txt
    wildcards: sample=GCA_001641025.1_ASM164102v1_genomic.fna
    resources: tmpdir=/tmp

[Fri Jan  7 03:03:56 2022]
Finished job 3.
7 of 10 steps (70%) done
Select jobs to execute...

[Fri Jan  7 03:03:56 2022]
rule prin:
    input: samples/GCA_003945425.1_ASM394542v1_genomic.fna
    output: txtsamples/GCA_003945425.1_ASM394542v1_genomic.fna.txt
    jobid: 5
    reason: Missing output files: txtsamples/GCA_003945425.1_ASM394542v1_genomic.fna.txt
    wildcards: sample=GCA_003945425.1_ASM394542v1_genomic.fna
    resources: tmpdir=/tmp

[Fri Jan  7 03:03:56 2022]
Finished job 5.
8 of 10 steps (80%) done
Select jobs to execute...

[Fri Jan  7 03:03:56 2022]
rule tak:
    input: txtsamples/GCA_001027105.1_ASM102710v1_genomic.fna.txt, txtsamples/GCA_001641025.1_ASM164102v1_genomic.fna.txt, txtsamples/GCA_002895385.1_ASM289538v1_genomic.fna.txt, txtsamples/GCA_003945425.1_ASM394542v1_genomic.fna.txt, txtsamples/GCA_004136255.1_ASM413625v1_genomic.fna.txt, txtsamples/GCA_006094915.1_ASM609491v1_genomic.fna.txt, txtsamples/GCA_006364675.1_ASM636467v1_genomic.fna.txt, txtsamples/GCA_900607265.1_BPH2003_genomic.fna.txt
    output: all.txt
    jobid: 1
    reason: Missing output files: all.txt; Input files updated by another job: txtsamples/GCA_006094915.1_ASM609491v1_genomic.fna.txt, txtsamples/GCA_002895385.1_ASM289538v1_genomic.fna.txt, txtsamples/GCA_004136255.1_ASM413625v1_genomic.fna.txt, txtsamples/GCA_001641025.1_ASM164102v1_genomic.fna.txt, txtsamples/GCA_001027105.1_ASM102710v1_genomic.fna.txt, txtsamples/GCA_003945425.1_ASM394542v1_genomic.fna.txt, txtsamples/GCA_900607265.1_BPH2003_genomic.fna.txt, txtsamples/GCA_006364675.1_ASM636467v1_genomic.fna.txt
    resources: tmpdir=/tmp

[Fri Jan  7 03:03:58 2022]
Finished job 1.
9 of 10 steps (90%) done
Select jobs to execute...

[Fri Jan  7 03:03:58 2022]
localrule all:
    input: all.txt
    jobid: 0
    reason: Input files updated by another job: all.txt
    resources: tmpdir=/tmp

[Fri Jan  7 03:03:58 2022]
Finished job 0.
10 of 10 steps (100%) done
Complete log: /mnt/c/Users/light/Desktop/american-education-system/lab-notes/paf-VCF/.snakemake/log/2022-01-07T030355.029553.snakemake.log
