Building DAG of jobs...
Using shell: /usr/bin/bash
Provided cores: 4
Rules claiming more threads will be scaled down.
Job stats:
job             count    min threads    max threads
------------  -------  -------------  -------------
all                 1              1              1
callPaf             8              1              1
end                 1              1              1
fastas2Pafs         8              1              1
mergeVcfs           1              1              1
normVcfs            8              1              1
paf2vcf             8              1              1
prepNormVcfs        8              1              1
sortPaf             8              1              1
total              51              1              1

Select jobs to execute...

[Fri Jan  7 15:59:33 2022]
rule fastas2Pafs:
    input: ref/staph-aureus-ref-GCF_000013425.1_ASM1342v1_genomic.fna, samples/GCA_001641025.1_ASM164102v1_genomic.fna
    output: intermediate/pafsamples/GCA_001641025.1_ASM164102v1_genomic.fna.paf
    jobid: 14
    reason: Missing output files: intermediate/pafsamples/GCA_001641025.1_ASM164102v1_genomic.fna.paf
    wildcards: sample=GCA_001641025.1_ASM164102v1_genomic.fna
    resources: tmpdir=/tmp


[Fri Jan  7 15:59:33 2022]
rule fastas2Pafs:
    input: ref/staph-aureus-ref-GCF_000013425.1_ASM1342v1_genomic.fna, samples/GCA_002895385.1_ASM289538v1_genomic.fna
    output: intermediate/pafsamples/GCA_002895385.1_ASM289538v1_genomic.fna.paf
    jobid: 20
    reason: Missing output files: intermediate/pafsamples/GCA_002895385.1_ASM289538v1_genomic.fna.paf
    wildcards: sample=GCA_002895385.1_ASM289538v1_genomic.fna
    resources: tmpdir=/tmp


[Fri Jan  7 15:59:33 2022]
rule fastas2Pafs:
    input: ref/staph-aureus-ref-GCF_000013425.1_ASM1342v1_genomic.fna, samples/GCA_900607265.1_BPH2003_genomic.fna
    output: intermediate/pafsamples/GCA_900607265.1_BPH2003_genomic.fna.paf
    jobid: 50
    reason: Missing output files: intermediate/pafsamples/GCA_900607265.1_BPH2003_genomic.fna.paf
    wildcards: sample=GCA_900607265.1_BPH2003_genomic.fna
    resources: tmpdir=/tmp


[Fri Jan  7 15:59:33 2022]
rule fastas2Pafs:
    input: ref/staph-aureus-ref-GCF_000013425.1_ASM1342v1_genomic.fna, samples/GCA_001027105.1_ASM102710v1_genomic.fna
    output: intermediate/pafsamples/GCA_001027105.1_ASM102710v1_genomic.fna.paf
    jobid: 8
    reason: Missing output files: intermediate/pafsamples/GCA_001027105.1_ASM102710v1_genomic.fna.paf
    wildcards: sample=GCA_001027105.1_ASM102710v1_genomic.fna
    resources: tmpdir=/tmp

[Fri Jan  7 15:59:36 2022]
Finished job 50.
1 of 51 steps (2%) done
Select jobs to execute...

[Fri Jan  7 15:59:37 2022]
rule sortPaf:
    input: intermediate/pafsamples/GCA_900607265.1_BPH2003_genomic.fna.paf
    output: intermediate/pafsamples/GCA_900607265.1_BPH2003_genomic.fna.srt.paf
    jobid: 49
    reason: Missing output files: intermediate/pafsamples/GCA_900607265.1_BPH2003_genomic.fna.srt.paf; Input files updated by another job: intermediate/pafsamples/GCA_900607265.1_BPH2003_genomic.fna.paf
    wildcards: sample=GCA_900607265.1_BPH2003_genomic.fna
    resources: tmpdir=/tmp

[Fri Jan  7 15:59:37 2022]
Finished job 20.
2 of 51 steps (4%) done
[Fri Jan  7 15:59:37 2022]
Finished job 14.
3 of 51 steps (6%) done
[Fri Jan  7 15:59:37 2022]
Finished job 8.
4 of 51 steps (8%) done
Select jobs to execute...

[Fri Jan  7 15:59:37 2022]
rule sortPaf:
    input: intermediate/pafsamples/GCA_001641025.1_ASM164102v1_genomic.fna.paf
    output: intermediate/pafsamples/GCA_001641025.1_ASM164102v1_genomic.fna.srt.paf
    jobid: 13
    reason: Missing output files: intermediate/pafsamples/GCA_001641025.1_ASM164102v1_genomic.fna.srt.paf; Input files updated by another job: intermediate/pafsamples/GCA_001641025.1_ASM164102v1_genomic.fna.paf
    wildcards: sample=GCA_001641025.1_ASM164102v1_genomic.fna
    resources: tmpdir=/tmp


[Fri Jan  7 15:59:37 2022]
rule sortPaf:
    input: intermediate/pafsamples/GCA_001027105.1_ASM102710v1_genomic.fna.paf
    output: intermediate/pafsamples/GCA_001027105.1_ASM102710v1_genomic.fna.srt.paf
    jobid: 7
    reason: Missing output files: intermediate/pafsamples/GCA_001027105.1_ASM102710v1_genomic.fna.srt.paf; Input files updated by another job: intermediate/pafsamples/GCA_001027105.1_ASM102710v1_genomic.fna.paf
    wildcards: sample=GCA_001027105.1_ASM102710v1_genomic.fna
    resources: tmpdir=/tmp


[Fri Jan  7 15:59:37 2022]
rule sortPaf:
    input: intermediate/pafsamples/GCA_002895385.1_ASM289538v1_genomic.fna.paf
    output: intermediate/pafsamples/GCA_002895385.1_ASM289538v1_genomic.fna.srt.paf
    jobid: 19
    reason: Missing output files: intermediate/pafsamples/GCA_002895385.1_ASM289538v1_genomic.fna.srt.paf; Input files updated by another job: intermediate/pafsamples/GCA_002895385.1_ASM289538v1_genomic.fna.paf
    wildcards: sample=GCA_002895385.1_ASM289538v1_genomic.fna
    resources: tmpdir=/tmp

Removing temporary output file intermediate/pafsamples/GCA_900607265.1_BPH2003_genomic.fna.paf.
[Fri Jan  7 15:59:37 2022]
Finished job 49.
5 of 51 steps (10%) done
Removing temporary output file intermediate/pafsamples/GCA_001641025.1_ASM164102v1_genomic.fna.paf.
[Fri Jan  7 15:59:37 2022]
Finished job 13.
6 of 51 steps (12%) done
Select jobs to execute...

[Fri Jan  7 15:59:37 2022]
rule callPaf:
    input: intermediate/pafsamples/GCA_900607265.1_BPH2003_genomic.fna.srt.paf
    output: intermediate/pafcalls/GCA_900607265.1_BPH2003_genomic.fna.var.txt
    jobid: 48
    reason: Missing output files: intermediate/pafcalls/GCA_900607265.1_BPH2003_genomic.fna.var.txt; Input files updated by another job: intermediate/pafsamples/GCA_900607265.1_BPH2003_genomic.fna.srt.paf
    wildcards: sample=GCA_900607265.1_BPH2003_genomic.fna
    resources: tmpdir=/tmp


[Fri Jan  7 15:59:37 2022]
rule callPaf:
    input: intermediate/pafsamples/GCA_001641025.1_ASM164102v1_genomic.fna.srt.paf
    output: intermediate/pafcalls/GCA_001641025.1_ASM164102v1_genomic.fna.var.txt
    jobid: 12
    reason: Missing output files: intermediate/pafcalls/GCA_001641025.1_ASM164102v1_genomic.fna.var.txt; Input files updated by another job: intermediate/pafsamples/GCA_001641025.1_ASM164102v1_genomic.fna.srt.paf
    wildcards: sample=GCA_001641025.1_ASM164102v1_genomic.fna
    resources: tmpdir=/tmp

Removing temporary output file intermediate/pafsamples/GCA_001027105.1_ASM102710v1_genomic.fna.paf.
[Fri Jan  7 15:59:37 2022]
Finished job 7.
7 of 51 steps (14%) done
Removing temporary output file intermediate/pafsamples/GCA_002895385.1_ASM289538v1_genomic.fna.paf.
[Fri Jan  7 15:59:37 2022]
Finished job 19.
8 of 51 steps (16%) done
Select jobs to execute...

[Fri Jan  7 15:59:37 2022]
rule callPaf:
    input: intermediate/pafsamples/GCA_001027105.1_ASM102710v1_genomic.fna.srt.paf
    output: intermediate/pafcalls/GCA_001027105.1_ASM102710v1_genomic.fna.var.txt
    jobid: 6
    reason: Missing output files: intermediate/pafcalls/GCA_001027105.1_ASM102710v1_genomic.fna.var.txt; Input files updated by another job: intermediate/pafsamples/GCA_001027105.1_ASM102710v1_genomic.fna.srt.paf
    wildcards: sample=GCA_001027105.1_ASM102710v1_genomic.fna
    resources: tmpdir=/tmp


[Fri Jan  7 15:59:37 2022]
rule callPaf:
    input: intermediate/pafsamples/GCA_002895385.1_ASM289538v1_genomic.fna.srt.paf
    output: intermediate/pafcalls/GCA_002895385.1_ASM289538v1_genomic.fna.var.txt
    jobid: 18
    reason: Missing output files: intermediate/pafcalls/GCA_002895385.1_ASM289538v1_genomic.fna.var.txt; Input files updated by another job: intermediate/pafsamples/GCA_002895385.1_ASM289538v1_genomic.fna.srt.paf
    wildcards: sample=GCA_002895385.1_ASM289538v1_genomic.fna
    resources: tmpdir=/tmp

Removing temporary output file intermediate/pafsamples/GCA_900607265.1_BPH2003_genomic.fna.srt.paf.
[Fri Jan  7 15:59:37 2022]
Finished job 48.
9 of 51 steps (18%) done
Removing temporary output file intermediate/pafsamples/GCA_001641025.1_ASM164102v1_genomic.fna.srt.paf.
[Fri Jan  7 15:59:38 2022]
Finished job 12.
10 of 51 steps (20%) done
Select jobs to execute...

[Fri Jan  7 15:59:38 2022]
rule paf2vcf:
    input: intermediate/pafcalls/GCA_900607265.1_BPH2003_genomic.fna.var.txt
    output: intermediate/vcfs/GCA_900607265.1_BPH2003_genomic.fna.vcf
    jobid: 47
    reason: Missing output files: intermediate/vcfs/GCA_900607265.1_BPH2003_genomic.fna.vcf; Input files updated by another job: intermediate/pafcalls/GCA_900607265.1_BPH2003_genomic.fna.var.txt
    wildcards: sample=GCA_900607265.1_BPH2003_genomic.fna
    resources: tmpdir=/tmp


[Fri Jan  7 15:59:38 2022]
rule paf2vcf:
    input: intermediate/pafcalls/GCA_001641025.1_ASM164102v1_genomic.fna.var.txt
    output: intermediate/vcfs/GCA_001641025.1_ASM164102v1_genomic.fna.vcf
    jobid: 11
    reason: Missing output files: intermediate/vcfs/GCA_001641025.1_ASM164102v1_genomic.fna.vcf; Input files updated by another job: intermediate/pafcalls/GCA_001641025.1_ASM164102v1_genomic.fna.var.txt
    wildcards: sample=GCA_001641025.1_ASM164102v1_genomic.fna
    resources: tmpdir=/tmp

Removing temporary output file intermediate/pafsamples/GCA_001027105.1_ASM102710v1_genomic.fna.srt.paf.
[Fri Jan  7 15:59:38 2022]
Finished job 6.
11 of 51 steps (22%) done
Removing temporary output file intermediate/pafsamples/GCA_002895385.1_ASM289538v1_genomic.fna.srt.paf.
[Fri Jan  7 15:59:38 2022]
Finished job 18.
12 of 51 steps (24%) done
Select jobs to execute...

[Fri Jan  7 15:59:38 2022]
rule paf2vcf:
    input: intermediate/pafcalls/GCA_002895385.1_ASM289538v1_genomic.fna.var.txt
    output: intermediate/vcfs/GCA_002895385.1_ASM289538v1_genomic.fna.vcf
    jobid: 17
    reason: Missing output files: intermediate/vcfs/GCA_002895385.1_ASM289538v1_genomic.fna.vcf; Input files updated by another job: intermediate/pafcalls/GCA_002895385.1_ASM289538v1_genomic.fna.var.txt
    wildcards: sample=GCA_002895385.1_ASM289538v1_genomic.fna
    resources: tmpdir=/tmp


[Fri Jan  7 15:59:38 2022]
rule paf2vcf:
    input: intermediate/pafcalls/GCA_001027105.1_ASM102710v1_genomic.fna.var.txt
    output: intermediate/vcfs/GCA_001027105.1_ASM102710v1_genomic.fna.vcf
    jobid: 5
    reason: Missing output files: intermediate/vcfs/GCA_001027105.1_ASM102710v1_genomic.fna.vcf; Input files updated by another job: intermediate/pafcalls/GCA_001027105.1_ASM102710v1_genomic.fna.var.txt
    wildcards: sample=GCA_001027105.1_ASM102710v1_genomic.fna
    resources: tmpdir=/tmp

Select jobs to execute...
Removing temporary output file intermediate/pafcalls/GCA_900607265.1_BPH2003_genomic.fna.var.txt.
[Fri Jan  7 15:59:39 2022]
Finished job 47.
13 of 51 steps (25%) done

[Fri Jan  7 15:59:39 2022]
rule normVcfs:
    input: intermediate/vcfs/GCA_900607265.1_BPH2003_genomic.fna.vcf
    output: intermediate/normVcfs/GCA_900607265.1_BPH2003_genomic.fna.norm.vcf
    jobid: 46
    reason: Missing output files: intermediate/normVcfs/GCA_900607265.1_BPH2003_genomic.fna.norm.vcf; Input files updated by another job: intermediate/vcfs/GCA_900607265.1_BPH2003_genomic.fna.vcf
    wildcards: sample=GCA_900607265.1_BPH2003_genomic.fna
    resources: tmpdir=/tmp

Removing temporary output file intermediate/pafcalls/GCA_001641025.1_ASM164102v1_genomic.fna.var.txt.
[Fri Jan  7 15:59:39 2022]
Finished job 11.
14 of 51 steps (27%) done
Select jobs to execute...

[Fri Jan  7 15:59:40 2022]
rule normVcfs:
    input: intermediate/vcfs/GCA_001641025.1_ASM164102v1_genomic.fna.vcf
    output: intermediate/normVcfs/GCA_001641025.1_ASM164102v1_genomic.fna.norm.vcf
    jobid: 10
    reason: Missing output files: intermediate/normVcfs/GCA_001641025.1_ASM164102v1_genomic.fna.norm.vcf; Input files updated by another job: intermediate/vcfs/GCA_001641025.1_ASM164102v1_genomic.fna.vcf
    wildcards: sample=GCA_001641025.1_ASM164102v1_genomic.fna
    resources: tmpdir=/tmp

Removing temporary output file intermediate/pafcalls/GCA_002895385.1_ASM289538v1_genomic.fna.var.txt.
[Fri Jan  7 15:59:40 2022]
Finished job 17.
15 of 51 steps (29%) done
Removing temporary output file intermediate/pafcalls/GCA_001027105.1_ASM102710v1_genomic.fna.var.txt.
[Fri Jan  7 15:59:40 2022]
Finished job 5.
16 of 51 steps (31%) done
Select jobs to execute...

[Fri Jan  7 15:59:40 2022]
rule normVcfs:
    input: intermediate/vcfs/GCA_002895385.1_ASM289538v1_genomic.fna.vcf
    output: intermediate/normVcfs/GCA_002895385.1_ASM289538v1_genomic.fna.norm.vcf
    jobid: 16
    reason: Missing output files: intermediate/normVcfs/GCA_002895385.1_ASM289538v1_genomic.fna.norm.vcf; Input files updated by another job: intermediate/vcfs/GCA_002895385.1_ASM289538v1_genomic.fna.vcf
    wildcards: sample=GCA_002895385.1_ASM289538v1_genomic.fna
    resources: tmpdir=/tmp

[Fri Jan  7 15:59:40 2022]
rule normVcfs:
    input: intermediate/vcfs/GCA_001027105.1_ASM102710v1_genomic.fna.vcf
    output: intermediate/normVcfs/GCA_001027105.1_ASM102710v1_genomic.fna.norm.vcf
    jobid: 4
    reason: Missing output files: intermediate/normVcfs/GCA_001027105.1_ASM102710v1_genomic.fna.norm.vcf; Input files updated by another job: intermediate/vcfs/GCA_001027105.1_ASM102710v1_genomic.fna.vcf
    wildcards: sample=GCA_001027105.1_ASM102710v1_genomic.fna
    resources: tmpdir=/tmp

Select jobs to execute...
Removing temporary output file intermediate/vcfs/GCA_900607265.1_BPH2003_genomic.fna.vcf.
[Fri Jan  7 15:59:43 2022]
Finished job 46.
17 of 51 steps (33%) done

[Fri Jan  7 15:59:43 2022]
rule prepNormVcfs:
    input: intermediate/normVcfs/GCA_900607265.1_BPH2003_genomic.fna.norm.vcf
    output: intermediate/normVcfs/GCA_900607265.1_BPH2003_genomic.fna.norm.vcf.gz
    jobid: 45
    reason: Missing output files: intermediate/normVcfs/GCA_900607265.1_BPH2003_genomic.fna.norm.vcf.gz; Input files updated by another job: intermediate/normVcfs/GCA_900607265.1_BPH2003_genomic.fna.norm.vcf
    wildcards: sample=GCA_900607265.1_BPH2003_genomic.fna
    resources: tmpdir=/tmp

Removing temporary output file intermediate/vcfs/GCA_001641025.1_ASM164102v1_genomic.fna.vcf.
[Fri Jan  7 15:59:43 2022]
Finished job 10.
18 of 51 steps (35%) done
Select jobs to execute...

[Fri Jan  7 15:59:43 2022]
rule prepNormVcfs:
    input: intermediate/normVcfs/GCA_001641025.1_ASM164102v1_genomic.fna.norm.vcf
    output: intermediate/normVcfs/GCA_001641025.1_ASM164102v1_genomic.fna.norm.vcf.gz
    jobid: 9
    reason: Missing output files: intermediate/normVcfs/GCA_001641025.1_ASM164102v1_genomic.fna.norm.vcf.gz; Input files updated by another job: intermediate/normVcfs/GCA_001641025.1_ASM164102v1_genomic.fna.norm.vcf
    wildcards: sample=GCA_001641025.1_ASM164102v1_genomic.fna
    resources: tmpdir=/tmp

Removing temporary output file intermediate/vcfs/GCA_002895385.1_ASM289538v1_genomic.fna.vcf.
[Fri Jan  7 15:59:44 2022]
Finished job 16.
19 of 51 steps (37%) done
Select jobs to execute...

[Fri Jan  7 15:59:44 2022]
rule prepNormVcfs:
    input: intermediate/normVcfs/GCA_002895385.1_ASM289538v1_genomic.fna.norm.vcf
    output: intermediate/normVcfs/GCA_002895385.1_ASM289538v1_genomic.fna.norm.vcf.gz
    jobid: 15
    reason: Missing output files: intermediate/normVcfs/GCA_002895385.1_ASM289538v1_genomic.fna.norm.vcf.gz; Input files updated by another job: intermediate/normVcfs/GCA_002895385.1_ASM289538v1_genomic.fna.norm.vcf
    wildcards: sample=GCA_002895385.1_ASM289538v1_genomic.fna
    resources: tmpdir=/tmp

Removing temporary output file intermediate/vcfs/GCA_001027105.1_ASM102710v1_genomic.fna.vcf.
[Fri Jan  7 15:59:44 2022]
Finished job 4.
20 of 51 steps (39%) done
Select jobs to execute...

[Fri Jan  7 15:59:44 2022]
rule prepNormVcfs:
    input: intermediate/normVcfs/GCA_001027105.1_ASM102710v1_genomic.fna.norm.vcf
    output: intermediate/normVcfs/GCA_001027105.1_ASM102710v1_genomic.fna.norm.vcf.gz
    jobid: 3
    reason: Missing output files: intermediate/normVcfs/GCA_001027105.1_ASM102710v1_genomic.fna.norm.vcf.gz; Input files updated by another job: intermediate/normVcfs/GCA_001027105.1_ASM102710v1_genomic.fna.norm.vcf
    wildcards: sample=GCA_001027105.1_ASM102710v1_genomic.fna
    resources: tmpdir=/tmp

Removing temporary output file intermediate/normVcfs/GCA_900607265.1_BPH2003_genomic.fna.norm.vcf.
[Fri Jan  7 15:59:46 2022]
Finished job 45.
21 of 51 steps (41%) done
Select jobs to execute...

[Fri Jan  7 15:59:46 2022]
rule fastas2Pafs:
    input: ref/staph-aureus-ref-GCF_000013425.1_ASM1342v1_genomic.fna, samples/GCA_004136255.1_ASM413625v1_genomic.fna
    output: intermediate/pafsamples/GCA_004136255.1_ASM413625v1_genomic.fna.paf
    jobid: 32
    reason: Missing output files: intermediate/pafsamples/GCA_004136255.1_ASM413625v1_genomic.fna.paf
    wildcards: sample=GCA_004136255.1_ASM413625v1_genomic.fna
    resources: tmpdir=/tmp

Removing temporary output file intermediate/normVcfs/GCA_001641025.1_ASM164102v1_genomic.fna.norm.vcf.
[Fri Jan  7 15:59:47 2022]
Finished job 9.
22 of 51 steps (43%) done
Select jobs to execute...

[Fri Jan  7 15:59:47 2022]
rule fastas2Pafs:
    input: ref/staph-aureus-ref-GCF_000013425.1_ASM1342v1_genomic.fna, samples/GCA_006094915.1_ASM609491v1_genomic.fna
    output: intermediate/pafsamples/GCA_006094915.1_ASM609491v1_genomic.fna.paf
    jobid: 38
    reason: Missing output files: intermediate/pafsamples/GCA_006094915.1_ASM609491v1_genomic.fna.paf
    wildcards: sample=GCA_006094915.1_ASM609491v1_genomic.fna
    resources: tmpdir=/tmp

Removing temporary output file intermediate/normVcfs/GCA_002895385.1_ASM289538v1_genomic.fna.norm.vcf.
[Fri Jan  7 15:59:47 2022]
Finished job 15.
23 of 51 steps (45%) done
Select jobs to execute...

[Fri Jan  7 15:59:47 2022]
rule fastas2Pafs:
    input: ref/staph-aureus-ref-GCF_000013425.1_ASM1342v1_genomic.fna, samples/GCA_006364675.1_ASM636467v1_genomic.fna
    output: intermediate/pafsamples/GCA_006364675.1_ASM636467v1_genomic.fna.paf
    jobid: 44
    reason: Missing output files: intermediate/pafsamples/GCA_006364675.1_ASM636467v1_genomic.fna.paf
    wildcards: sample=GCA_006364675.1_ASM636467v1_genomic.fna
    resources: tmpdir=/tmp

Removing temporary output file intermediate/normVcfs/GCA_001027105.1_ASM102710v1_genomic.fna.norm.vcf.
[Fri Jan  7 15:59:47 2022]
Finished job 3.
24 of 51 steps (47%) done
Select jobs to execute...

[Fri Jan  7 15:59:47 2022]
rule fastas2Pafs:
    input: ref/staph-aureus-ref-GCF_000013425.1_ASM1342v1_genomic.fna, samples/GCA_003945425.1_ASM394542v1_genomic.fna
    output: intermediate/pafsamples/GCA_003945425.1_ASM394542v1_genomic.fna.paf
    jobid: 26
    reason: Missing output files: intermediate/pafsamples/GCA_003945425.1_ASM394542v1_genomic.fna.paf
    wildcards: sample=GCA_003945425.1_ASM394542v1_genomic.fna
    resources: tmpdir=/tmp

[Fri Jan  7 15:59:51 2022]
Finished job 32.
25 of 51 steps (49%) done
Select jobs to execute...

[Fri Jan  7 15:59:51 2022]
rule sortPaf:
    input: intermediate/pafsamples/GCA_004136255.1_ASM413625v1_genomic.fna.paf
    output: intermediate/pafsamples/GCA_004136255.1_ASM413625v1_genomic.fna.srt.paf
    jobid: 31
    reason: Missing output files: intermediate/pafsamples/GCA_004136255.1_ASM413625v1_genomic.fna.srt.paf; Input files updated by another job: intermediate/pafsamples/GCA_004136255.1_ASM413625v1_genomic.fna.paf
    wildcards: sample=GCA_004136255.1_ASM413625v1_genomic.fna
    resources: tmpdir=/tmp

Removing temporary output file intermediate/pafsamples/GCA_004136255.1_ASM413625v1_genomic.fna.paf.
[Fri Jan  7 15:59:51 2022]
Finished job 31.
26 of 51 steps (51%) done
Select jobs to execute...

[Fri Jan  7 15:59:51 2022]
rule callPaf:
    input: intermediate/pafsamples/GCA_004136255.1_ASM413625v1_genomic.fna.srt.paf
    output: intermediate/pafcalls/GCA_004136255.1_ASM413625v1_genomic.fna.var.txt
    jobid: 30
    reason: Missing output files: intermediate/pafcalls/GCA_004136255.1_ASM413625v1_genomic.fna.var.txt; Input files updated by another job: intermediate/pafsamples/GCA_004136255.1_ASM413625v1_genomic.fna.srt.paf
    wildcards: sample=GCA_004136255.1_ASM413625v1_genomic.fna
    resources: tmpdir=/tmp

[Fri Jan  7 15:59:51 2022]
Finished job 38.
27 of 51 steps (53%) done
Select jobs to execute...

[Fri Jan  7 15:59:51 2022]
rule sortPaf:
    input: intermediate/pafsamples/GCA_006094915.1_ASM609491v1_genomic.fna.paf
    output: intermediate/pafsamples/GCA_006094915.1_ASM609491v1_genomic.fna.srt.paf
    jobid: 37
    reason: Missing output files: intermediate/pafsamples/GCA_006094915.1_ASM609491v1_genomic.fna.srt.paf; Input files updated by another job: intermediate/pafsamples/GCA_006094915.1_ASM609491v1_genomic.fna.paf
    wildcards: sample=GCA_006094915.1_ASM609491v1_genomic.fna
    resources: tmpdir=/tmp

Removing temporary output file intermediate/pafsamples/GCA_006094915.1_ASM609491v1_genomic.fna.paf.
[Fri Jan  7 15:59:51 2022]
Finished job 37.
28 of 51 steps (55%) done
Select jobs to execute...

[Fri Jan  7 15:59:51 2022]
rule callPaf:
    input: intermediate/pafsamples/GCA_006094915.1_ASM609491v1_genomic.fna.srt.paf
    output: intermediate/pafcalls/GCA_006094915.1_ASM609491v1_genomic.fna.var.txt
    jobid: 36
    reason: Missing output files: intermediate/pafcalls/GCA_006094915.1_ASM609491v1_genomic.fna.var.txt; Input files updated by another job: intermediate/pafsamples/GCA_006094915.1_ASM609491v1_genomic.fna.srt.paf
    wildcards: sample=GCA_006094915.1_ASM609491v1_genomic.fna
    resources: tmpdir=/tmp

Removing temporary output file intermediate/pafsamples/GCA_004136255.1_ASM413625v1_genomic.fna.srt.paf.
[Fri Jan  7 15:59:51 2022]
Finished job 30.
29 of 51 steps (57%) done
[Fri Jan  7 15:59:51 2022]
Finished job 44.
30 of 51 steps (59%) done
Select jobs to execute...

[Fri Jan  7 15:59:51 2022]
rule paf2vcf:
    input: intermediate/pafcalls/GCA_004136255.1_ASM413625v1_genomic.fna.var.txt
    output: intermediate/vcfs/GCA_004136255.1_ASM413625v1_genomic.fna.vcf
    jobid: 29
    reason: Missing output files: intermediate/vcfs/GCA_004136255.1_ASM413625v1_genomic.fna.vcf; Input files updated by another job: intermediate/pafcalls/GCA_004136255.1_ASM413625v1_genomic.fna.var.txt
    wildcards: sample=GCA_004136255.1_ASM413625v1_genomic.fna
    resources: tmpdir=/tmp


[Fri Jan  7 15:59:52 2022]
rule sortPaf:
    input: intermediate/pafsamples/GCA_006364675.1_ASM636467v1_genomic.fna.paf
    output: intermediate/pafsamples/GCA_006364675.1_ASM636467v1_genomic.fna.srt.paf
    jobid: 43
    reason: Missing output files: intermediate/pafsamples/GCA_006364675.1_ASM636467v1_genomic.fna.srt.paf; Input files updated by another job: intermediate/pafsamples/GCA_006364675.1_ASM636467v1_genomic.fna.paf
    wildcards: sample=GCA_006364675.1_ASM636467v1_genomic.fna
    resources: tmpdir=/tmp

Removing temporary output file intermediate/pafsamples/GCA_006094915.1_ASM609491v1_genomic.fna.srt.paf.
[Fri Jan  7 15:59:52 2022]
Finished job 36.
31 of 51 steps (61%) done
Select jobs to execute...

[Fri Jan  7 15:59:52 2022]
rule paf2vcf:
    input: intermediate/pafcalls/GCA_006094915.1_ASM609491v1_genomic.fna.var.txt
    output: intermediate/vcfs/GCA_006094915.1_ASM609491v1_genomic.fna.vcf
    jobid: 35
    reason: Missing output files: intermediate/vcfs/GCA_006094915.1_ASM609491v1_genomic.fna.vcf; Input files updated by another job: intermediate/pafcalls/GCA_006094915.1_ASM609491v1_genomic.fna.var.txt
    wildcards: sample=GCA_006094915.1_ASM609491v1_genomic.fna
    resources: tmpdir=/tmp

Removing temporary output file intermediate/pafsamples/GCA_006364675.1_ASM636467v1_genomic.fna.paf.
[Fri Jan  7 15:59:52 2022]
Finished job 43.
32 of 51 steps (63%) done
Select jobs to execute...

[Fri Jan  7 15:59:52 2022]
rule callPaf:
    input: intermediate/pafsamples/GCA_006364675.1_ASM636467v1_genomic.fna.srt.paf
    output: intermediate/pafcalls/GCA_006364675.1_ASM636467v1_genomic.fna.var.txt
    jobid: 42
    reason: Missing output files: intermediate/pafcalls/GCA_006364675.1_ASM636467v1_genomic.fna.var.txt; Input files updated by another job: intermediate/pafsamples/GCA_006364675.1_ASM636467v1_genomic.fna.srt.paf
    wildcards: sample=GCA_006364675.1_ASM636467v1_genomic.fna
    resources: tmpdir=/tmp

Removing temporary output file intermediate/pafsamples/GCA_006364675.1_ASM636467v1_genomic.fna.srt.paf.
[Fri Jan  7 15:59:52 2022]
Finished job 42.
33 of 51 steps (65%) done
Select jobs to execute...

[Fri Jan  7 15:59:52 2022]
rule paf2vcf:
    input: intermediate/pafcalls/GCA_006364675.1_ASM636467v1_genomic.fna.var.txt
    output: intermediate/vcfs/GCA_006364675.1_ASM636467v1_genomic.fna.vcf
    jobid: 41
    reason: Missing output files: intermediate/vcfs/GCA_006364675.1_ASM636467v1_genomic.fna.vcf; Input files updated by another job: intermediate/pafcalls/GCA_006364675.1_ASM636467v1_genomic.fna.var.txt
    wildcards: sample=GCA_006364675.1_ASM636467v1_genomic.fna
    resources: tmpdir=/tmp

Removing temporary output file intermediate/pafcalls/GCA_004136255.1_ASM413625v1_genomic.fna.var.txt.
[Fri Jan  7 15:59:53 2022]
Finished job 29.
34 of 51 steps (67%) done
Select jobs to execute...

[Fri Jan  7 15:59:53 2022]
rule normVcfs:
    input: intermediate/vcfs/GCA_004136255.1_ASM413625v1_genomic.fna.vcf
    output: intermediate/normVcfs/GCA_004136255.1_ASM413625v1_genomic.fna.norm.vcf
    jobid: 28
    reason: Missing output files: intermediate/normVcfs/GCA_004136255.1_ASM413625v1_genomic.fna.norm.vcf; Input files updated by another job: intermediate/vcfs/GCA_004136255.1_ASM413625v1_genomic.fna.vcf
    wildcards: sample=GCA_004136255.1_ASM413625v1_genomic.fna
    resources: tmpdir=/tmp

Removing temporary output file intermediate/pafcalls/GCA_006094915.1_ASM609491v1_genomic.fna.var.txt.
[Fri Jan  7 15:59:53 2022]
Finished job 35.
35 of 51 steps (69%) done
Select jobs to execute...

[Fri Jan  7 15:59:53 2022]
rule normVcfs:
    input: intermediate/vcfs/GCA_006094915.1_ASM609491v1_genomic.fna.vcf
    output: intermediate/normVcfs/GCA_006094915.1_ASM609491v1_genomic.fna.norm.vcf
    jobid: 34
    reason: Missing output files: intermediate/normVcfs/GCA_006094915.1_ASM609491v1_genomic.fna.norm.vcf; Input files updated by another job: intermediate/vcfs/GCA_006094915.1_ASM609491v1_genomic.fna.vcf
    wildcards: sample=GCA_006094915.1_ASM609491v1_genomic.fna
    resources: tmpdir=/tmp

Removing temporary output file intermediate/pafcalls/GCA_006364675.1_ASM636467v1_genomic.fna.var.txt.
[Fri Jan  7 15:59:54 2022]
Finished job 41.
36 of 51 steps (71%) done
Select jobs to execute...

[Fri Jan  7 15:59:54 2022]
rule normVcfs:
    input: intermediate/vcfs/GCA_006364675.1_ASM636467v1_genomic.fna.vcf
    output: intermediate/normVcfs/GCA_006364675.1_ASM636467v1_genomic.fna.norm.vcf
    jobid: 40
    reason: Missing output files: intermediate/normVcfs/GCA_006364675.1_ASM636467v1_genomic.fna.norm.vcf; Input files updated by another job: intermediate/vcfs/GCA_006364675.1_ASM636467v1_genomic.fna.vcf
    wildcards: sample=GCA_006364675.1_ASM636467v1_genomic.fna
    resources: tmpdir=/tmp

[Fri Jan  7 15:59:54 2022]
Finished job 26.
37 of 51 steps (73%) done
Select jobs to execute...

[Fri Jan  7 15:59:54 2022]
rule sortPaf:
    input: intermediate/pafsamples/GCA_003945425.1_ASM394542v1_genomic.fna.paf
    output: intermediate/pafsamples/GCA_003945425.1_ASM394542v1_genomic.fna.srt.paf
    jobid: 25
    reason: Missing output files: intermediate/pafsamples/GCA_003945425.1_ASM394542v1_genomic.fna.srt.paf; Input files updated by another job: intermediate/pafsamples/GCA_003945425.1_ASM394542v1_genomic.fna.paf
    wildcards: sample=GCA_003945425.1_ASM394542v1_genomic.fna
    resources: tmpdir=/tmp

Removing temporary output file intermediate/pafsamples/GCA_003945425.1_ASM394542v1_genomic.fna.paf.
[Fri Jan  7 15:59:54 2022]
Finished job 25.
38 of 51 steps (75%) done
Select jobs to execute...

[Fri Jan  7 15:59:54 2022]
rule callPaf:
    input: intermediate/pafsamples/GCA_003945425.1_ASM394542v1_genomic.fna.srt.paf
    output: intermediate/pafcalls/GCA_003945425.1_ASM394542v1_genomic.fna.var.txt
    jobid: 24
    reason: Missing output files: intermediate/pafcalls/GCA_003945425.1_ASM394542v1_genomic.fna.var.txt; Input files updated by another job: intermediate/pafsamples/GCA_003945425.1_ASM394542v1_genomic.fna.srt.paf
    wildcards: sample=GCA_003945425.1_ASM394542v1_genomic.fna
    resources: tmpdir=/tmp

Removing temporary output file intermediate/pafsamples/GCA_003945425.1_ASM394542v1_genomic.fna.srt.paf.
[Fri Jan  7 15:59:55 2022]
Finished job 24.
39 of 51 steps (76%) done
Select jobs to execute...

[Fri Jan  7 15:59:55 2022]
rule paf2vcf:
    input: intermediate/pafcalls/GCA_003945425.1_ASM394542v1_genomic.fna.var.txt
    output: intermediate/vcfs/GCA_003945425.1_ASM394542v1_genomic.fna.vcf
    jobid: 23
    reason: Missing output files: intermediate/vcfs/GCA_003945425.1_ASM394542v1_genomic.fna.vcf; Input files updated by another job: intermediate/pafcalls/GCA_003945425.1_ASM394542v1_genomic.fna.var.txt
    wildcards: sample=GCA_003945425.1_ASM394542v1_genomic.fna
    resources: tmpdir=/tmp

Removing temporary output file intermediate/pafcalls/GCA_003945425.1_ASM394542v1_genomic.fna.var.txt.
[Fri Jan  7 15:59:56 2022]
Finished job 23.
40 of 51 steps (78%) done
Select jobs to execute...

[Fri Jan  7 15:59:56 2022]
rule normVcfs:
    input: intermediate/vcfs/GCA_003945425.1_ASM394542v1_genomic.fna.vcf
    output: intermediate/normVcfs/GCA_003945425.1_ASM394542v1_genomic.fna.norm.vcf
    jobid: 22
    reason: Missing output files: intermediate/normVcfs/GCA_003945425.1_ASM394542v1_genomic.fna.norm.vcf; Input files updated by another job: intermediate/vcfs/GCA_003945425.1_ASM394542v1_genomic.fna.vcf
    wildcards: sample=GCA_003945425.1_ASM394542v1_genomic.fna
    resources: tmpdir=/tmp

Removing temporary output file intermediate/vcfs/GCA_004136255.1_ASM413625v1_genomic.fna.vcf.
[Fri Jan  7 15:59:57 2022]
Finished job 28.
41 of 51 steps (80%) done
Select jobs to execute...

[Fri Jan  7 15:59:57 2022]
rule prepNormVcfs:
    input: intermediate/normVcfs/GCA_004136255.1_ASM413625v1_genomic.fna.norm.vcf
    output: intermediate/normVcfs/GCA_004136255.1_ASM413625v1_genomic.fna.norm.vcf.gz
    jobid: 27
    reason: Missing output files: intermediate/normVcfs/GCA_004136255.1_ASM413625v1_genomic.fna.norm.vcf.gz; Input files updated by another job: intermediate/normVcfs/GCA_004136255.1_ASM413625v1_genomic.fna.norm.vcf
    wildcards: sample=GCA_004136255.1_ASM413625v1_genomic.fna
    resources: tmpdir=/tmp

Removing temporary output file intermediate/vcfs/GCA_006094915.1_ASM609491v1_genomic.fna.vcf.
[Fri Jan  7 15:59:57 2022]
Finished job 34.
42 of 51 steps (82%) done
Select jobs to execute...

[Fri Jan  7 15:59:57 2022]
rule prepNormVcfs:
    input: intermediate/normVcfs/GCA_006094915.1_ASM609491v1_genomic.fna.norm.vcf
    output: intermediate/normVcfs/GCA_006094915.1_ASM609491v1_genomic.fna.norm.vcf.gz
    jobid: 33
    reason: Missing output files: intermediate/normVcfs/GCA_006094915.1_ASM609491v1_genomic.fna.norm.vcf.gz; Input files updated by another job: intermediate/normVcfs/GCA_006094915.1_ASM609491v1_genomic.fna.norm.vcf
    wildcards: sample=GCA_006094915.1_ASM609491v1_genomic.fna
    resources: tmpdir=/tmp

Removing temporary output file intermediate/vcfs/GCA_006364675.1_ASM636467v1_genomic.fna.vcf.
[Fri Jan  7 15:59:58 2022]
Finished job 40.
43 of 51 steps (84%) done
Select jobs to execute...

[Fri Jan  7 15:59:58 2022]
rule prepNormVcfs:
    input: intermediate/normVcfs/GCA_006364675.1_ASM636467v1_genomic.fna.norm.vcf
    output: intermediate/normVcfs/GCA_006364675.1_ASM636467v1_genomic.fna.norm.vcf.gz
    jobid: 39
    reason: Missing output files: intermediate/normVcfs/GCA_006364675.1_ASM636467v1_genomic.fna.norm.vcf.gz; Input files updated by another job: intermediate/normVcfs/GCA_006364675.1_ASM636467v1_genomic.fna.norm.vcf
    wildcards: sample=GCA_006364675.1_ASM636467v1_genomic.fna
    resources: tmpdir=/tmp

Removing temporary output file intermediate/vcfs/GCA_003945425.1_ASM394542v1_genomic.fna.vcf.
[Fri Jan  7 16:00:00 2022]
Finished job 22.
44 of 51 steps (86%) done
Select jobs to execute...

[Fri Jan  7 16:00:00 2022]
rule prepNormVcfs:
    input: intermediate/normVcfs/GCA_003945425.1_ASM394542v1_genomic.fna.norm.vcf
    output: intermediate/normVcfs/GCA_003945425.1_ASM394542v1_genomic.fna.norm.vcf.gz
    jobid: 21
    reason: Missing output files: intermediate/normVcfs/GCA_003945425.1_ASM394542v1_genomic.fna.norm.vcf.gz; Input files updated by another job: intermediate/normVcfs/GCA_003945425.1_ASM394542v1_genomic.fna.norm.vcf
    wildcards: sample=GCA_003945425.1_ASM394542v1_genomic.fna
    resources: tmpdir=/tmp

Removing temporary output file intermediate/normVcfs/GCA_006094915.1_ASM609491v1_genomic.fna.norm.vcf.
[Fri Jan  7 16:00:00 2022]
Finished job 33.
45 of 51 steps (88%) done
Removing temporary output file intermediate/normVcfs/GCA_004136255.1_ASM413625v1_genomic.fna.norm.vcf.
[Fri Jan  7 16:00:00 2022]
Finished job 27.
46 of 51 steps (90%) done
Removing temporary output file intermediate/normVcfs/GCA_006364675.1_ASM636467v1_genomic.fna.norm.vcf.
[Fri Jan  7 16:00:01 2022]
Finished job 39.
47 of 51 steps (92%) done
Removing temporary output file intermediate/normVcfs/GCA_003945425.1_ASM394542v1_genomic.fna.norm.vcf.
[Fri Jan  7 16:00:02 2022]
Finished job 21.
48 of 51 steps (94%) done
Select jobs to execute...

[Fri Jan  7 16:00:02 2022]
rule mergeVcfs:
    input: intermediate/normVcfs/GCA_001027105.1_ASM102710v1_genomic.fna.norm.vcf.gz, intermediate/normVcfs/GCA_001641025.1_ASM164102v1_genomic.fna.norm.vcf.gz, intermediate/normVcfs/GCA_002895385.1_ASM289538v1_genomic.fna.norm.vcf.gz, intermediate/normVcfs/GCA_003945425.1_ASM394542v1_genomic.fna.norm.vcf.gz, intermediate/normVcfs/GCA_004136255.1_ASM413625v1_genomic.fna.norm.vcf.gz, intermediate/normVcfs/GCA_006094915.1_ASM609491v1_genomic.fna.norm.vcf.gz, intermediate/normVcfs/GCA_006364675.1_ASM636467v1_genomic.fna.norm.vcf.gz, intermediate/normVcfs/GCA_900607265.1_BPH2003_genomic.fna.norm.vcf.gz
    output: MERGED.vcf
    jobid: 2
    reason: Missing output files: MERGED.vcf; Input files updated by another job: intermediate/normVcfs/GCA_900607265.1_BPH2003_genomic.fna.norm.vcf.gz, intermediate/normVcfs/GCA_001641025.1_ASM164102v1_genomic.fna.norm.vcf.gz, intermediate/normVcfs/GCA_006094915.1_ASM609491v1_genomic.fna.norm.vcf.gz, intermediate/normVcfs/GCA_002895385.1_ASM289538v1_genomic.fna.norm.vcf.gz, intermediate/normVcfs/GCA_006364675.1_ASM636467v1_genomic.fna.norm.vcf.gz, intermediate/normVcfs/GCA_001027105.1_ASM102710v1_genomic.fna.norm.vcf.gz, intermediate/normVcfs/GCA_003945425.1_ASM394542v1_genomic.fna.norm.vcf.gz, intermediate/normVcfs/GCA_004136255.1_ASM413625v1_genomic.fna.norm.vcf.gz
    resources: tmpdir=/tmp

Removing temporary output file intermediate/normVcfs/GCA_001027105.1_ASM102710v1_genomic.fna.norm.vcf.gz.
Removing temporary output file intermediate/normVcfs/GCA_001641025.1_ASM164102v1_genomic.fna.norm.vcf.gz.
Removing temporary output file intermediate/normVcfs/GCA_002895385.1_ASM289538v1_genomic.fna.norm.vcf.gz.
Removing temporary output file intermediate/normVcfs/GCA_003945425.1_ASM394542v1_genomic.fna.norm.vcf.gz.
Removing temporary output file intermediate/normVcfs/GCA_004136255.1_ASM413625v1_genomic.fna.norm.vcf.gz.
Removing temporary output file intermediate/normVcfs/GCA_006094915.1_ASM609491v1_genomic.fna.norm.vcf.gz.
Removing temporary output file intermediate/normVcfs/GCA_006364675.1_ASM636467v1_genomic.fna.norm.vcf.gz.
Removing temporary output file intermediate/normVcfs/GCA_900607265.1_BPH2003_genomic.fna.norm.vcf.gz.
[Fri Jan  7 16:00:03 2022]
Finished job 2.
49 of 51 steps (96%) done
Select jobs to execute...

[Fri Jan  7 16:00:03 2022]
rule end:
    input: MERGED.vcf
    output: all.txt
    jobid: 1
    reason: Missing output files: all.txt; Input files updated by another job: MERGED.vcf
    resources: tmpdir=/tmp

[Fri Jan  7 16:00:05 2022]
Finished job 1.
50 of 51 steps (98%) done
Select jobs to execute...

[Fri Jan  7 16:00:05 2022]
localrule all:
    input: all.txt
    jobid: 0
    reason: Input files updated by another job: all.txt
    resources: tmpdir=/tmp

[Fri Jan  7 16:00:05 2022]
Finished job 0.
51 of 51 steps (100%) done
Complete log: /mnt/c/Users/light/Desktop/american-education-system/lab-notes/paf-VCF/.snakemake/log/2022-01-07T155933.004934.snakemake.log
