Building DAG of jobs...
Using shell: /usr/bin/bash
Provided cores: 1 (use --cores to define parallelism)
Rules claiming more threads will be scaled down.
Job stats:
job      count    min threads    max threads
-----  -------  -------------  -------------
all          1              1              1
prin         8              1              1
tak          1              1              1
total       10              1              1

Select jobs to execute...

[Fri Jan  7 02:57:28 2022]
rule prin:
    input: samples/GCA_900607265.1_BPH2003_genomic.fna
    output: samples/GCA_900607265.1_BPH2003_genomic.fna.txt
    jobid: 9
    reason: Missing output files: samples/GCA_900607265.1_BPH2003_genomic.fna.txt
    wildcards: sample=GCA_900607265.1_BPH2003_genomic.fna
    resources: tmpdir=/tmp

[Fri Jan  7 02:57:28 2022]
Finished job 9.
1 of 10 steps (10%) done
Select jobs to execute...

[Fri Jan  7 02:57:28 2022]
rule prin:
    input: samples/GCA_004136255.1_ASM413625v1_genomic.fna
    output: samples/GCA_004136255.1_ASM413625v1_genomic.fna.txt
    jobid: 6
    reason: Missing output files: samples/GCA_004136255.1_ASM413625v1_genomic.fna.txt
    wildcards: sample=GCA_004136255.1_ASM413625v1_genomic.fna
    resources: tmpdir=/tmp

[Fri Jan  7 02:57:29 2022]
Finished job 6.
2 of 10 steps (20%) done
Select jobs to execute...

[Fri Jan  7 02:57:29 2022]
rule prin:
    input: samples/GCA_001027105.1_ASM102710v1_genomic.fna
    output: samples/GCA_001027105.1_ASM102710v1_genomic.fna.txt
    jobid: 2
    reason: Missing output files: samples/GCA_001027105.1_ASM102710v1_genomic.fna.txt
    wildcards: sample=GCA_001027105.1_ASM102710v1_genomic.fna
    resources: tmpdir=/tmp

[Fri Jan  7 02:57:29 2022]
Finished job 2.
3 of 10 steps (30%) done
Select jobs to execute...

[Fri Jan  7 02:57:29 2022]
rule prin:
    input: samples/GCA_002895385.1_ASM289538v1_genomic.fna
    output: samples/GCA_002895385.1_ASM289538v1_genomic.fna.txt
    jobid: 4
    reason: Missing output files: samples/GCA_002895385.1_ASM289538v1_genomic.fna.txt
    wildcards: sample=GCA_002895385.1_ASM289538v1_genomic.fna
    resources: tmpdir=/tmp

[Fri Jan  7 02:57:29 2022]
Finished job 4.
4 of 10 steps (40%) done
Select jobs to execute...

[Fri Jan  7 02:57:29 2022]
rule prin:
    input: samples/GCA_006094915.1_ASM609491v1_genomic.fna
    output: samples/GCA_006094915.1_ASM609491v1_genomic.fna.txt
    jobid: 7
    reason: Missing output files: samples/GCA_006094915.1_ASM609491v1_genomic.fna.txt
    wildcards: sample=GCA_006094915.1_ASM609491v1_genomic.fna
    resources: tmpdir=/tmp

[Fri Jan  7 02:57:29 2022]
Finished job 7.
5 of 10 steps (50%) done
Select jobs to execute...

[Fri Jan  7 02:57:29 2022]
rule prin:
    input: samples/GCA_006364675.1_ASM636467v1_genomic.fna
    output: samples/GCA_006364675.1_ASM636467v1_genomic.fna.txt
    jobid: 8
    reason: Missing output files: samples/GCA_006364675.1_ASM636467v1_genomic.fna.txt
    wildcards: sample=GCA_006364675.1_ASM636467v1_genomic.fna
    resources: tmpdir=/tmp

[Fri Jan  7 02:57:29 2022]
Finished job 8.
6 of 10 steps (60%) done
Select jobs to execute...

[Fri Jan  7 02:57:29 2022]
rule prin:
    input: samples/GCA_001641025.1_ASM164102v1_genomic.fna
    output: samples/GCA_001641025.1_ASM164102v1_genomic.fna.txt
    jobid: 3
    reason: Missing output files: samples/GCA_001641025.1_ASM164102v1_genomic.fna.txt
    wildcards: sample=GCA_001641025.1_ASM164102v1_genomic.fna
    resources: tmpdir=/tmp

[Fri Jan  7 02:57:30 2022]
Finished job 3.
7 of 10 steps (70%) done
Select jobs to execute...

[Fri Jan  7 02:57:30 2022]
rule prin:
    input: samples/GCA_003945425.1_ASM394542v1_genomic.fna
    output: samples/GCA_003945425.1_ASM394542v1_genomic.fna.txt
    jobid: 5
    reason: Missing output files: samples/GCA_003945425.1_ASM394542v1_genomic.fna.txt
    wildcards: sample=GCA_003945425.1_ASM394542v1_genomic.fna
    resources: tmpdir=/tmp

[Fri Jan  7 02:57:30 2022]
Finished job 5.
8 of 10 steps (80%) done
Select jobs to execute...

[Fri Jan  7 02:57:30 2022]
rule tak:
    input: samples/GCA_001027105.1_ASM102710v1_genomic.fna.txt, samples/GCA_001641025.1_ASM164102v1_genomic.fna.txt, samples/GCA_002895385.1_ASM289538v1_genomic.fna.txt, samples/GCA_003945425.1_ASM394542v1_genomic.fna.txt, samples/GCA_004136255.1_ASM413625v1_genomic.fna.txt, samples/GCA_006094915.1_ASM609491v1_genomic.fna.txt, samples/GCA_006364675.1_ASM636467v1_genomic.fna.txt, samples/GCA_900607265.1_BPH2003_genomic.fna.txt
    output: all.txt
    jobid: 1
    reason: Missing output files: all.txt; Input files updated by another job: samples/GCA_004136255.1_ASM413625v1_genomic.fna.txt, samples/GCA_003945425.1_ASM394542v1_genomic.fna.txt, samples/GCA_002895385.1_ASM289538v1_genomic.fna.txt, samples/GCA_001027105.1_ASM102710v1_genomic.fna.txt, samples/GCA_006094915.1_ASM609491v1_genomic.fna.txt, samples/GCA_006364675.1_ASM636467v1_genomic.fna.txt, samples/GCA_900607265.1_BPH2003_genomic.fna.txt, samples/GCA_001641025.1_ASM164102v1_genomic.fna.txt
    resources: tmpdir=/tmp

Shutting down, this might take some time.
Exiting because a job execution failed. Look above for error message
Complete log: /mnt/c/Users/light/Desktop/american-education-system/lab-notes/paf-VCF/.snakemake/log/2022-01-07T025728.270775.snakemake.log
